[2017-09-27 21:12:44,820] - GB_Scheduler_LOG ERROR [GB_Scheduler_Worker-1] o.quartz.core.JobRunShell [JobRunShell.java:211] Job DEFAULT.ControlSch threw an unhandled Exception: 
org.hibernate.HibernateException: Access to DialectResolutionInfo cannot be null when 'hibernate.dialect' not set
	at org.hibernate.engine.jdbc.dialect.internal.DialectFactoryImpl.determineDialect(DialectFactoryImpl.java:104)
	at org.hibernate.engine.jdbc.dialect.internal.DialectFactoryImpl.buildDialect(DialectFactoryImpl.java:71)
	at org.hibernate.engine.jdbc.internal.JdbcServicesImpl.configure(JdbcServicesImpl.java:209)
	at org.hibernate.boot.registry.internal.StandardServiceRegistryImpl.configureService(StandardServiceRegistryImpl.java:89)
	at org.hibernate.service.internal.AbstractServiceRegistryImpl.initializeService(AbstractServiceRegistryImpl.java:206)
	at org.hibernate.service.internal.AbstractServiceRegistryImpl.getService(AbstractServiceRegistryImpl.java:178)
	at org.hibernate.cfg.Configuration.buildTypeRegistrations(Configuration.java:1885)
	at org.hibernate.cfg.Configuration.buildSessionFactory(Configuration.java:1843)
	at org.hibernate.cfg.Configuration.buildSessionFactory(Configuration.java:1928)
	at com.gabyval.core.connections.connectors.ConnectionFactory.configure(ConnectionFactory.java:118)
	at com.gabyval.core.connections.connectors.ConnectionFactory.getConnection(ConnectionFactory.java:71)
	at com.gabyval.core.commons.controllers.PersistenceManager.<init>(PersistenceManager.java:61)
	at com.gabyval.core.commons.controllers.PersistenceManager.getInstance(PersistenceManager.java:71)
	at com.gabyval.core.time.SystemDateController.<init>(SystemDateController.java:63)
	at com.gabyval.core.time.SystemDateController.getInstance(SystemDateController.java:73)
	at com.gabyval.core.scheduler.SchedulerControl.execute(SchedulerControl.java:67)
	at org.quartz.core.JobRunShell.run(JobRunShell.java:202)
	at org.quartz.simpl.SimpleThreadPool$WorkerThread.run(SimpleThreadPool.java:573)
[2017-09-27 21:12:44,820] - GB_Scheduler_LOG ERROR [GB_Scheduler_Worker-1] o.quartz.core.JobRunShell [JobRunShell.java:211] Job DEFAULT.ControlSch threw an unhandled Exception: 
org.hibernate.HibernateException: Access to DialectResolutionInfo cannot be null when 'hibernate.dialect' not set
	at org.hibernate.engine.jdbc.dialect.internal.DialectFactoryImpl.determineDialect(DialectFactoryImpl.java:104)
	at org.hibernate.engine.jdbc.dialect.internal.DialectFactoryImpl.buildDialect(DialectFactoryImpl.java:71)
	at org.hibernate.engine.jdbc.internal.JdbcServicesImpl.configure(JdbcServicesImpl.java:209)
	at org.hibernate.boot.registry.internal.StandardServiceRegistryImpl.configureService(StandardServiceRegistryImpl.java:89)
	at org.hibernate.service.internal.AbstractServiceRegistryImpl.initializeService(AbstractServiceRegistryImpl.java:206)
	at org.hibernate.service.internal.AbstractServiceRegistryImpl.getService(AbstractServiceRegistryImpl.java:178)
	at org.hibernate.cfg.Configuration.buildTypeRegistrations(Configuration.java:1885)
	at org.hibernate.cfg.Configuration.buildSessionFactory(Configuration.java:1843)
	at org.hibernate.cfg.Configuration.buildSessionFactory(Configuration.java:1928)
	at com.gabyval.core.connections.connectors.ConnectionFactory.configure(ConnectionFactory.java:118)
	at com.gabyval.core.connections.connectors.ConnectionFactory.getConnection(ConnectionFactory.java:71)
	at com.gabyval.core.commons.controllers.PersistenceManager.<init>(PersistenceManager.java:61)
	at com.gabyval.core.commons.controllers.PersistenceManager.getInstance(PersistenceManager.java:71)
	at com.gabyval.core.time.SystemDateController.<init>(SystemDateController.java:63)
	at com.gabyval.core.time.SystemDateController.getInstance(SystemDateController.java:73)
	at com.gabyval.core.scheduler.SchedulerControl.execute(SchedulerControl.java:67)
	at org.quartz.core.JobRunShell.run(JobRunShell.java:202)
	at org.quartz.simpl.SimpleThreadPool$WorkerThread.run(SimpleThreadPool.java:573)
[2017-09-27 21:12:44,820] - GB_Scheduler_LOG ERROR [GB_Scheduler_Worker-1] o.quartz.core.ErrorLogger [QuartzScheduler.java:2425] Job (DEFAULT.ControlSch threw an exception.
org.quartz.SchedulerException: Job threw an unhandled exception.
	at org.quartz.core.JobRunShell.run(JobRunShell.java:213)
	at org.quartz.simpl.SimpleThreadPool$WorkerThread.run(SimpleThreadPool.java:573)
Caused by: org.hibernate.HibernateException: Access to DialectResolutionInfo cannot be null when 'hibernate.dialect' not set
	at org.hibernate.engine.jdbc.dialect.internal.DialectFactoryImpl.determineDialect(DialectFactoryImpl.java:104)
	at org.hibernate.engine.jdbc.dialect.internal.DialectFactoryImpl.buildDialect(DialectFactoryImpl.java:71)
	at org.hibernate.engine.jdbc.internal.JdbcServicesImpl.configure(JdbcServicesImpl.java:209)
	at org.hibernate.boot.registry.internal.StandardServiceRegistryImpl.configureService(StandardServiceRegistryImpl.java:89)
	at org.hibernate.service.internal.AbstractServiceRegistryImpl.initializeService(AbstractServiceRegistryImpl.java:206)
	at org.hibernate.service.internal.AbstractServiceRegistryImpl.getService(AbstractServiceRegistryImpl.java:178)
	at org.hibernate.cfg.Configuration.buildTypeRegistrations(Configuration.java:1885)
	at org.hibernate.cfg.Configuration.buildSessionFactory(Configuration.java:1843)
	at org.hibernate.cfg.Configuration.buildSessionFactory(Configuration.java:1928)
	at com.gabyval.core.connections.connectors.ConnectionFactory.configure(ConnectionFactory.java:118)
	at com.gabyval.core.connections.connectors.ConnectionFactory.getConnection(ConnectionFactory.java:71)
	at com.gabyval.core.commons.controllers.PersistenceManager.<init>(PersistenceManager.java:61)
	at com.gabyval.core.commons.controllers.PersistenceManager.getInstance(PersistenceManager.java:71)
	at com.gabyval.core.time.SystemDateController.<init>(SystemDateController.java:63)
	at com.gabyval.core.time.SystemDateController.getInstance(SystemDateController.java:73)
	at com.gabyval.core.scheduler.SchedulerControl.execute(SchedulerControl.java:67)
	at org.quartz.core.JobRunShell.run(JobRunShell.java:202)
	... 1 common frames omitted
[2017-09-27 21:12:44,820] - GB_Scheduler_LOG ERROR [GB_Scheduler_Worker-1] o.quartz.core.ErrorLogger [QuartzScheduler.java:2425] Job (DEFAULT.ControlSch threw an exception.
org.quartz.SchedulerException: Job threw an unhandled exception.
	at org.quartz.core.JobRunShell.run(JobRunShell.java:213)
	at org.quartz.simpl.SimpleThreadPool$WorkerThread.run(SimpleThreadPool.java:573)
Caused by: org.hibernate.HibernateException: Access to DialectResolutionInfo cannot be null when 'hibernate.dialect' not set
	at org.hibernate.engine.jdbc.dialect.internal.DialectFactoryImpl.determineDialect(DialectFactoryImpl.java:104)
	at org.hibernate.engine.jdbc.dialect.internal.DialectFactoryImpl.buildDialect(DialectFactoryImpl.java:71)
	at org.hibernate.engine.jdbc.internal.JdbcServicesImpl.configure(JdbcServicesImpl.java:209)
	at org.hibernate.boot.registry.internal.StandardServiceRegistryImpl.configureService(StandardServiceRegistryImpl.java:89)
	at org.hibernate.service.internal.AbstractServiceRegistryImpl.initializeService(AbstractServiceRegistryImpl.java:206)
	at org.hibernate.service.internal.AbstractServiceRegistryImpl.getService(AbstractServiceRegistryImpl.java:178)
	at org.hibernate.cfg.Configuration.buildTypeRegistrations(Configuration.java:1885)
	at org.hibernate.cfg.Configuration.buildSessionFactory(Configuration.java:1843)
	at org.hibernate.cfg.Configuration.buildSessionFactory(Configuration.java:1928)
	at com.gabyval.core.connections.connectors.ConnectionFactory.configure(ConnectionFactory.java:118)
	at com.gabyval.core.connections.connectors.ConnectionFactory.getConnection(ConnectionFactory.java:71)
	at com.gabyval.core.commons.controllers.PersistenceManager.<init>(PersistenceManager.java:61)
	at com.gabyval.core.commons.controllers.PersistenceManager.getInstance(PersistenceManager.java:71)
	at com.gabyval.core.time.SystemDateController.<init>(SystemDateController.java:63)
	at com.gabyval.core.time.SystemDateController.getInstance(SystemDateController.java:73)
	at com.gabyval.core.scheduler.SchedulerControl.execute(SchedulerControl.java:67)
	at org.quartz.core.JobRunShell.run(JobRunShell.java:202)
	... 1 common frames omitted
[2017-09-27 21:12:45,021] - GB_Scheduler_LOG ERROR [GB_Scheduler_Worker-1] o.quartz.core.JobRunShell [JobRunShell.java:211] Job DEFAULT.ControlSch threw an unhandled Exception: 
org.hibernate.HibernateException: Access to DialectResolutionInfo cannot be null when 'hibernate.dialect' not set
	at org.hibernate.engine.jdbc.dialect.internal.DialectFactoryImpl.determineDialect(DialectFactoryImpl.java:104)
	at org.hibernate.engine.jdbc.dialect.internal.DialectFactoryImpl.buildDialect(DialectFactoryImpl.java:71)
	at org.hibernate.engine.jdbc.internal.JdbcServicesImpl.configure(JdbcServicesImpl.java:209)
	at org.hibernate.boot.registry.internal.StandardServiceRegistryImpl.configureService(StandardServiceRegistryImpl.java:89)
	at org.hibernate.service.internal.AbstractServiceRegistryImpl.initializeService(AbstractServiceRegistryImpl.java:206)
	at org.hibernate.service.internal.AbstractServiceRegistryImpl.getService(AbstractServiceRegistryImpl.java:178)
	at org.hibernate.cfg.Configuration.buildTypeRegistrations(Configuration.java:1885)
	at org.hibernate.cfg.Configuration.buildSessionFactory(Configuration.java:1843)
	at org.hibernate.cfg.Configuration.buildSessionFactory(Configuration.java:1928)
	at com.gabyval.core.connections.connectors.ConnectionFactory.configure(ConnectionFactory.java:118)
	at com.gabyval.core.connections.connectors.ConnectionFactory.getConnection(ConnectionFactory.java:71)
	at com.gabyval.core.commons.controllers.PersistenceManager.<init>(PersistenceManager.java:61)
	at com.gabyval.core.commons.controllers.PersistenceManager.getInstance(PersistenceManager.java:71)
	at com.gabyval.core.time.SystemDateController.<init>(SystemDateController.java:63)
	at com.gabyval.core.time.SystemDateController.getInstance(SystemDateController.java:73)
	at com.gabyval.core.scheduler.SchedulerControl.execute(SchedulerControl.java:67)
	at org.quartz.core.JobRunShell.run(JobRunShell.java:202)
	at org.quartz.simpl.SimpleThreadPool$WorkerThread.run(SimpleThreadPool.java:573)
[2017-09-27 21:12:45,021] - GB_Scheduler_LOG ERROR [GB_Scheduler_Worker-1] o.quartz.core.JobRunShell [JobRunShell.java:211] Job DEFAULT.ControlSch threw an unhandled Exception: 
org.hibernate.HibernateException: Access to DialectResolutionInfo cannot be null when 'hibernate.dialect' not set
	at org.hibernate.engine.jdbc.dialect.internal.DialectFactoryImpl.determineDialect(DialectFactoryImpl.java:104)
	at org.hibernate.engine.jdbc.dialect.internal.DialectFactoryImpl.buildDialect(DialectFactoryImpl.java:71)
	at org.hibernate.engine.jdbc.internal.JdbcServicesImpl.configure(JdbcServicesImpl.java:209)
	at org.hibernate.boot.registry.internal.StandardServiceRegistryImpl.configureService(StandardServiceRegistryImpl.java:89)
	at org.hibernate.service.internal.AbstractServiceRegistryImpl.initializeService(AbstractServiceRegistryImpl.java:206)
	at org.hibernate.service.internal.AbstractServiceRegistryImpl.getService(AbstractServiceRegistryImpl.java:178)
	at org.hibernate.cfg.Configuration.buildTypeRegistrations(Configuration.java:1885)
	at org.hibernate.cfg.Configuration.buildSessionFactory(Configuration.java:1843)
	at org.hibernate.cfg.Configuration.buildSessionFactory(Configuration.java:1928)
	at com.gabyval.core.connections.connectors.ConnectionFactory.configure(ConnectionFactory.java:118)
	at com.gabyval.core.connections.connectors.ConnectionFactory.getConnection(ConnectionFactory.java:71)
	at com.gabyval.core.commons.controllers.PersistenceManager.<init>(PersistenceManager.java:61)
	at com.gabyval.core.commons.controllers.PersistenceManager.getInstance(PersistenceManager.java:71)
	at com.gabyval.core.time.SystemDateController.<init>(SystemDateController.java:63)
	at com.gabyval.core.time.SystemDateController.getInstance(SystemDateController.java:73)
	at com.gabyval.core.scheduler.SchedulerControl.execute(SchedulerControl.java:67)
	at org.quartz.core.JobRunShell.run(JobRunShell.java:202)
	at org.quartz.simpl.SimpleThreadPool$WorkerThread.run(SimpleThreadPool.java:573)
[2017-09-27 21:12:45,021] - GB_Scheduler_LOG ERROR [GB_Scheduler_Worker-1] o.quartz.core.ErrorLogger [QuartzScheduler.java:2425] Job (DEFAULT.ControlSch threw an exception.
org.quartz.SchedulerException: Job threw an unhandled exception.
	at org.quartz.core.JobRunShell.run(JobRunShell.java:213)
	at org.quartz.simpl.SimpleThreadPool$WorkerThread.run(SimpleThreadPool.java:573)
Caused by: org.hibernate.HibernateException: Access to DialectResolutionInfo cannot be null when 'hibernate.dialect' not set
	at org.hibernate.engine.jdbc.dialect.internal.DialectFactoryImpl.determineDialect(DialectFactoryImpl.java:104)
	at org.hibernate.engine.jdbc.dialect.internal.DialectFactoryImpl.buildDialect(DialectFactoryImpl.java:71)
	at org.hibernate.engine.jdbc.internal.JdbcServicesImpl.configure(JdbcServicesImpl.java:209)
	at org.hibernate.boot.registry.internal.StandardServiceRegistryImpl.configureService(StandardServiceRegistryImpl.java:89)
	at org.hibernate.service.internal.AbstractServiceRegistryImpl.initializeService(AbstractServiceRegistryImpl.java:206)
	at org.hibernate.service.internal.AbstractServiceRegistryImpl.getService(AbstractServiceRegistryImpl.java:178)
	at org.hibernate.cfg.Configuration.buildTypeRegistrations(Configuration.java:1885)
	at org.hibernate.cfg.Configuration.buildSessionFactory(Configuration.java:1843)
	at org.hibernate.cfg.Configuration.buildSessionFactory(Configuration.java:1928)
	at com.gabyval.core.connections.connectors.ConnectionFactory.configure(ConnectionFactory.java:118)
	at com.gabyval.core.connections.connectors.ConnectionFactory.getConnection(ConnectionFactory.java:71)
	at com.gabyval.core.commons.controllers.PersistenceManager.<init>(PersistenceManager.java:61)
	at com.gabyval.core.commons.controllers.PersistenceManager.getInstance(PersistenceManager.java:71)
	at com.gabyval.core.time.SystemDateController.<init>(SystemDateController.java:63)
	at com.gabyval.core.time.SystemDateController.getInstance(SystemDateController.java:73)
	at com.gabyval.core.scheduler.SchedulerControl.execute(SchedulerControl.java:67)
	at org.quartz.core.JobRunShell.run(JobRunShell.java:202)
	... 1 common frames omitted
[2017-09-27 21:12:45,021] - GB_Scheduler_LOG ERROR [GB_Scheduler_Worker-1] o.quartz.core.ErrorLogger [QuartzScheduler.java:2425] Job (DEFAULT.ControlSch threw an exception.
org.quartz.SchedulerException: Job threw an unhandled exception.
	at org.quartz.core.JobRunShell.run(JobRunShell.java:213)
	at org.quartz.simpl.SimpleThreadPool$WorkerThread.run(SimpleThreadPool.java:573)
Caused by: org.hibernate.HibernateException: Access to DialectResolutionInfo cannot be null when 'hibernate.dialect' not set
	at org.hibernate.engine.jdbc.dialect.internal.DialectFactoryImpl.determineDialect(DialectFactoryImpl.java:104)
	at org.hibernate.engine.jdbc.dialect.internal.DialectFactoryImpl.buildDialect(DialectFactoryImpl.java:71)
	at org.hibernate.engine.jdbc.internal.JdbcServicesImpl.configure(JdbcServicesImpl.java:209)
	at org.hibernate.boot.registry.internal.StandardServiceRegistryImpl.configureService(StandardServiceRegistryImpl.java:89)
	at org.hibernate.service.internal.AbstractServiceRegistryImpl.initializeService(AbstractServiceRegistryImpl.java:206)
	at org.hibernate.service.internal.AbstractServiceRegistryImpl.getService(AbstractServiceRegistryImpl.java:178)
	at org.hibernate.cfg.Configuration.buildTypeRegistrations(Configuration.java:1885)
	at org.hibernate.cfg.Configuration.buildSessionFactory(Configuration.java:1843)
	at org.hibernate.cfg.Configuration.buildSessionFactory(Configuration.java:1928)
	at com.gabyval.core.connections.connectors.ConnectionFactory.configure(ConnectionFactory.java:118)
	at com.gabyval.core.connections.connectors.ConnectionFactory.getConnection(ConnectionFactory.java:71)
	at com.gabyval.core.commons.controllers.PersistenceManager.<init>(PersistenceManager.java:61)
	at com.gabyval.core.commons.controllers.PersistenceManager.getInstance(PersistenceManager.java:71)
	at com.gabyval.core.time.SystemDateController.<init>(SystemDateController.java:63)
	at com.gabyval.core.time.SystemDateController.getInstance(SystemDateController.java:73)
	at com.gabyval.core.scheduler.SchedulerControl.execute(SchedulerControl.java:67)
	at org.quartz.core.JobRunShell.run(JobRunShell.java:202)
	... 1 common frames omitted
[2017-09-27 21:12:46,002] - GB_Scheduler_LOG ERROR [GB_Scheduler_Worker-1] o.quartz.core.JobRunShell [JobRunShell.java:211] Job DEFAULT.ControlSch threw an unhandled Exception: 
org.hibernate.HibernateException: Access to DialectResolutionInfo cannot be null when 'hibernate.dialect' not set
	at org.hibernate.engine.jdbc.dialect.internal.DialectFactoryImpl.determineDialect(DialectFactoryImpl.java:104)
	at org.hibernate.engine.jdbc.dialect.internal.DialectFactoryImpl.buildDialect(DialectFactoryImpl.java:71)
	at org.hibernate.engine.jdbc.internal.JdbcServicesImpl.configure(JdbcServicesImpl.java:209)
	at org.hibernate.boot.registry.internal.StandardServiceRegistryImpl.configureService(StandardServiceRegistryImpl.java:89)
	at org.hibernate.service.internal.AbstractServiceRegistryImpl.initializeService(AbstractServiceRegistryImpl.java:206)
	at org.hibernate.service.internal.AbstractServiceRegistryImpl.getService(AbstractServiceRegistryImpl.java:178)
	at org.hibernate.cfg.Configuration.buildTypeRegistrations(Configuration.java:1885)
	at org.hibernate.cfg.Configuration.buildSessionFactory(Configuration.java:1843)
	at org.hibernate.cfg.Configuration.buildSessionFactory(Configuration.java:1928)
	at com.gabyval.core.connections.connectors.ConnectionFactory.configure(ConnectionFactory.java:118)
	at com.gabyval.core.connections.connectors.ConnectionFactory.getConnection(ConnectionFactory.java:71)
	at com.gabyval.core.commons.controllers.PersistenceManager.<init>(PersistenceManager.java:61)
	at com.gabyval.core.commons.controllers.PersistenceManager.getInstance(PersistenceManager.java:71)
	at com.gabyval.core.time.SystemDateController.<init>(SystemDateController.java:63)
	at com.gabyval.core.time.SystemDateController.getInstance(SystemDateController.java:73)
	at com.gabyval.core.scheduler.SchedulerControl.execute(SchedulerControl.java:67)
	at org.quartz.core.JobRunShell.run(JobRunShell.java:202)
	at org.quartz.simpl.SimpleThreadPool$WorkerThread.run(SimpleThreadPool.java:573)
[2017-09-27 21:12:46,002] - GB_Scheduler_LOG ERROR [GB_Scheduler_Worker-1] o.quartz.core.JobRunShell [JobRunShell.java:211] Job DEFAULT.ControlSch threw an unhandled Exception: 
org.hibernate.HibernateException: Access to DialectResolutionInfo cannot be null when 'hibernate.dialect' not set
	at org.hibernate.engine.jdbc.dialect.internal.DialectFactoryImpl.determineDialect(DialectFactoryImpl.java:104)
	at org.hibernate.engine.jdbc.dialect.internal.DialectFactoryImpl.buildDialect(DialectFactoryImpl.java:71)
	at org.hibernate.engine.jdbc.internal.JdbcServicesImpl.configure(JdbcServicesImpl.java:209)
	at org.hibernate.boot.registry.internal.StandardServiceRegistryImpl.configureService(StandardServiceRegistryImpl.java:89)
	at org.hibernate.service.internal.AbstractServiceRegistryImpl.initializeService(AbstractServiceRegistryImpl.java:206)
	at org.hibernate.service.internal.AbstractServiceRegistryImpl.getService(AbstractServiceRegistryImpl.java:178)
	at org.hibernate.cfg.Configuration.buildTypeRegistrations(Configuration.java:1885)
	at org.hibernate.cfg.Configuration.buildSessionFactory(Configuration.java:1843)
	at org.hibernate.cfg.Configuration.buildSessionFactory(Configuration.java:1928)
	at com.gabyval.core.connections.connectors.ConnectionFactory.configure(ConnectionFactory.java:118)
	at com.gabyval.core.connections.connectors.ConnectionFactory.getConnection(ConnectionFactory.java:71)
	at com.gabyval.core.commons.controllers.PersistenceManager.<init>(PersistenceManager.java:61)
	at com.gabyval.core.commons.controllers.PersistenceManager.getInstance(PersistenceManager.java:71)
	at com.gabyval.core.time.SystemDateController.<init>(SystemDateController.java:63)
	at com.gabyval.core.time.SystemDateController.getInstance(SystemDateController.java:73)
	at com.gabyval.core.scheduler.SchedulerControl.execute(SchedulerControl.java:67)
	at org.quartz.core.JobRunShell.run(JobRunShell.java:202)
	at org.quartz.simpl.SimpleThreadPool$WorkerThread.run(SimpleThreadPool.java:573)
[2017-09-27 21:12:46,002] - GB_Scheduler_LOG ERROR [GB_Scheduler_Worker-1] o.quartz.core.ErrorLogger [QuartzScheduler.java:2425] Job (DEFAULT.ControlSch threw an exception.
org.quartz.SchedulerException: Job threw an unhandled exception.
	at org.quartz.core.JobRunShell.run(JobRunShell.java:213)
	at org.quartz.simpl.SimpleThreadPool$WorkerThread.run(SimpleThreadPool.java:573)
Caused by: org.hibernate.HibernateException: Access to DialectResolutionInfo cannot be null when 'hibernate.dialect' not set
	at org.hibernate.engine.jdbc.dialect.internal.DialectFactoryImpl.determineDialect(DialectFactoryImpl.java:104)
	at org.hibernate.engine.jdbc.dialect.internal.DialectFactoryImpl.buildDialect(DialectFactoryImpl.java:71)
	at org.hibernate.engine.jdbc.internal.JdbcServicesImpl.configure(JdbcServicesImpl.java:209)
	at org.hibernate.boot.registry.internal.StandardServiceRegistryImpl.configureService(StandardServiceRegistryImpl.java:89)
	at org.hibernate.service.internal.AbstractServiceRegistryImpl.initializeService(AbstractServiceRegistryImpl.java:206)
	at org.hibernate.service.internal.AbstractServiceRegistryImpl.getService(AbstractServiceRegistryImpl.java:178)
	at org.hibernate.cfg.Configuration.buildTypeRegistrations(Configuration.java:1885)
	at org.hibernate.cfg.Configuration.buildSessionFactory(Configuration.java:1843)
	at org.hibernate.cfg.Configuration.buildSessionFactory(Configuration.java:1928)
	at com.gabyval.core.connections.connectors.ConnectionFactory.configure(ConnectionFactory.java:118)
	at com.gabyval.core.connections.connectors.ConnectionFactory.getConnection(ConnectionFactory.java:71)
	at com.gabyval.core.commons.controllers.PersistenceManager.<init>(PersistenceManager.java:61)
	at com.gabyval.core.commons.controllers.PersistenceManager.getInstance(PersistenceManager.java:71)
	at com.gabyval.core.time.SystemDateController.<init>(SystemDateController.java:63)
	at com.gabyval.core.time.SystemDateController.getInstance(SystemDateController.java:73)
	at com.gabyval.core.scheduler.SchedulerControl.execute(SchedulerControl.java:67)
	at org.quartz.core.JobRunShell.run(JobRunShell.java:202)
	... 1 common frames omitted
[2017-09-27 21:12:46,002] - GB_Scheduler_LOG ERROR [GB_Scheduler_Worker-1] o.quartz.core.ErrorLogger [QuartzScheduler.java:2425] Job (DEFAULT.ControlSch threw an exception.
org.quartz.SchedulerException: Job threw an unhandled exception.
	at org.quartz.core.JobRunShell.run(JobRunShell.java:213)
	at org.quartz.simpl.SimpleThreadPool$WorkerThread.run(SimpleThreadPool.java:573)
Caused by: org.hibernate.HibernateException: Access to DialectResolutionInfo cannot be null when 'hibernate.dialect' not set
	at org.hibernate.engine.jdbc.dialect.internal.DialectFactoryImpl.determineDialect(DialectFactoryImpl.java:104)
	at org.hibernate.engine.jdbc.dialect.internal.DialectFactoryImpl.buildDialect(DialectFactoryImpl.java:71)
	at org.hibernate.engine.jdbc.internal.JdbcServicesImpl.configure(JdbcServicesImpl.java:209)
	at org.hibernate.boot.registry.internal.StandardServiceRegistryImpl.configureService(StandardServiceRegistryImpl.java:89)
	at org.hibernate.service.internal.AbstractServiceRegistryImpl.initializeService(AbstractServiceRegistryImpl.java:206)
	at org.hibernate.service.internal.AbstractServiceRegistryImpl.getService(AbstractServiceRegistryImpl.java:178)
	at org.hibernate.cfg.Configuration.buildTypeRegistrations(Configuration.java:1885)
	at org.hibernate.cfg.Configuration.buildSessionFactory(Configuration.java:1843)
	at org.hibernate.cfg.Configuration.buildSessionFactory(Configuration.java:1928)
	at com.gabyval.core.connections.connectors.ConnectionFactory.configure(ConnectionFactory.java:118)
	at com.gabyval.core.connections.connectors.ConnectionFactory.getConnection(ConnectionFactory.java:71)
	at com.gabyval.core.commons.controllers.PersistenceManager.<init>(PersistenceManager.java:61)
	at com.gabyval.core.commons.controllers.PersistenceManager.getInstance(PersistenceManager.java:71)
	at com.gabyval.core.time.SystemDateController.<init>(SystemDateController.java:63)
	at com.gabyval.core.time.SystemDateController.getInstance(SystemDateController.java:73)
	at com.gabyval.core.scheduler.SchedulerControl.execute(SchedulerControl.java:67)
	at org.quartz.core.JobRunShell.run(JobRunShell.java:202)
	... 1 common frames omitted
[2017-09-27 21:12:47,004] - GB_Scheduler_LOG ERROR [GB_Scheduler_Worker-1] o.quartz.core.JobRunShell [JobRunShell.java:211] Job DEFAULT.ControlSch threw an unhandled Exception: 
org.hibernate.HibernateException: Access to DialectResolutionInfo cannot be null when 'hibernate.dialect' not set
	at org.hibernate.engine.jdbc.dialect.internal.DialectFactoryImpl.determineDialect(DialectFactoryImpl.java:104)
	at org.hibernate.engine.jdbc.dialect.internal.DialectFactoryImpl.buildDialect(DialectFactoryImpl.java:71)
	at org.hibernate.engine.jdbc.internal.JdbcServicesImpl.configure(JdbcServicesImpl.java:209)
	at org.hibernate.boot.registry.internal.StandardServiceRegistryImpl.configureService(StandardServiceRegistryImpl.java:89)
	at org.hibernate.service.internal.AbstractServiceRegistryImpl.initializeService(AbstractServiceRegistryImpl.java:206)
	at org.hibernate.service.internal.AbstractServiceRegistryImpl.getService(AbstractServiceRegistryImpl.java:178)
	at org.hibernate.cfg.Configuration.buildTypeRegistrations(Configuration.java:1885)
	at org.hibernate.cfg.Configuration.buildSessionFactory(Configuration.java:1843)
	at org.hibernate.cfg.Configuration.buildSessionFactory(Configuration.java:1928)
	at com.gabyval.core.connections.connectors.ConnectionFactory.configure(ConnectionFactory.java:118)
	at com.gabyval.core.connections.connectors.ConnectionFactory.getConnection(ConnectionFactory.java:71)
	at com.gabyval.core.commons.controllers.PersistenceManager.<init>(PersistenceManager.java:61)
	at com.gabyval.core.commons.controllers.PersistenceManager.getInstance(PersistenceManager.java:71)
	at com.gabyval.core.time.SystemDateController.<init>(SystemDateController.java:63)
	at com.gabyval.core.time.SystemDateController.getInstance(SystemDateController.java:73)
	at com.gabyval.core.scheduler.SchedulerControl.execute(SchedulerControl.java:67)
	at org.quartz.core.JobRunShell.run(JobRunShell.java:202)
	at org.quartz.simpl.SimpleThreadPool$WorkerThread.run(SimpleThreadPool.java:573)
[2017-09-27 21:12:47,004] - GB_Scheduler_LOG ERROR [GB_Scheduler_Worker-1] o.quartz.core.JobRunShell [JobRunShell.java:211] Job DEFAULT.ControlSch threw an unhandled Exception: 
org.hibernate.HibernateException: Access to DialectResolutionInfo cannot be null when 'hibernate.dialect' not set
	at org.hibernate.engine.jdbc.dialect.internal.DialectFactoryImpl.determineDialect(DialectFactoryImpl.java:104)
	at org.hibernate.engine.jdbc.dialect.internal.DialectFactoryImpl.buildDialect(DialectFactoryImpl.java:71)
	at org.hibernate.engine.jdbc.internal.JdbcServicesImpl.configure(JdbcServicesImpl.java:209)
	at org.hibernate.boot.registry.internal.StandardServiceRegistryImpl.configureService(StandardServiceRegistryImpl.java:89)
	at org.hibernate.service.internal.AbstractServiceRegistryImpl.initializeService(AbstractServiceRegistryImpl.java:206)
	at org.hibernate.service.internal.AbstractServiceRegistryImpl.getService(AbstractServiceRegistryImpl.java:178)
	at org.hibernate.cfg.Configuration.buildTypeRegistrations(Configuration.java:1885)
	at org.hibernate.cfg.Configuration.buildSessionFactory(Configuration.java:1843)
	at org.hibernate.cfg.Configuration.buildSessionFactory(Configuration.java:1928)
	at com.gabyval.core.connections.connectors.ConnectionFactory.configure(ConnectionFactory.java:118)
	at com.gabyval.core.connections.connectors.ConnectionFactory.getConnection(ConnectionFactory.java:71)
	at com.gabyval.core.commons.controllers.PersistenceManager.<init>(PersistenceManager.java:61)
	at com.gabyval.core.commons.controllers.PersistenceManager.getInstance(PersistenceManager.java:71)
	at com.gabyval.core.time.SystemDateController.<init>(SystemDateController.java:63)
	at com.gabyval.core.time.SystemDateController.getInstance(SystemDateController.java:73)
	at com.gabyval.core.scheduler.SchedulerControl.execute(SchedulerControl.java:67)
	at org.quartz.core.JobRunShell.run(JobRunShell.java:202)
	at org.quartz.simpl.SimpleThreadPool$WorkerThread.run(SimpleThreadPool.java:573)
[2017-09-27 21:12:47,004] - GB_Scheduler_LOG ERROR [GB_Scheduler_Worker-1] o.quartz.core.ErrorLogger [QuartzScheduler.java:2425] Job (DEFAULT.ControlSch threw an exception.
org.quartz.SchedulerException: Job threw an unhandled exception.
	at org.quartz.core.JobRunShell.run(JobRunShell.java:213)
	at org.quartz.simpl.SimpleThreadPool$WorkerThread.run(SimpleThreadPool.java:573)
Caused by: org.hibernate.HibernateException: Access to DialectResolutionInfo cannot be null when 'hibernate.dialect' not set
	at org.hibernate.engine.jdbc.dialect.internal.DialectFactoryImpl.determineDialect(DialectFactoryImpl.java:104)
	at org.hibernate.engine.jdbc.dialect.internal.DialectFactoryImpl.buildDialect(DialectFactoryImpl.java:71)
	at org.hibernate.engine.jdbc.internal.JdbcServicesImpl.configure(JdbcServicesImpl.java:209)
	at org.hibernate.boot.registry.internal.StandardServiceRegistryImpl.configureService(StandardServiceRegistryImpl.java:89)
	at org.hibernate.service.internal.AbstractServiceRegistryImpl.initializeService(AbstractServiceRegistryImpl.java:206)
	at org.hibernate.service.internal.AbstractServiceRegistryImpl.getService(AbstractServiceRegistryImpl.java:178)
	at org.hibernate.cfg.Configuration.buildTypeRegistrations(Configuration.java:1885)
	at org.hibernate.cfg.Configuration.buildSessionFactory(Configuration.java:1843)
	at org.hibernate.cfg.Configuration.buildSessionFactory(Configuration.java:1928)
	at com.gabyval.core.connections.connectors.ConnectionFactory.configure(ConnectionFactory.java:118)
	at com.gabyval.core.connections.connectors.ConnectionFactory.getConnection(ConnectionFactory.java:71)
	at com.gabyval.core.commons.controllers.PersistenceManager.<init>(PersistenceManager.java:61)
	at com.gabyval.core.commons.controllers.PersistenceManager.getInstance(PersistenceManager.java:71)
	at com.gabyval.core.time.SystemDateController.<init>(SystemDateController.java:63)
	at com.gabyval.core.time.SystemDateController.getInstance(SystemDateController.java:73)
	at com.gabyval.core.scheduler.SchedulerControl.execute(SchedulerControl.java:67)
	at org.quartz.core.JobRunShell.run(JobRunShell.java:202)
	... 1 common frames omitted
[2017-09-27 21:12:47,004] - GB_Scheduler_LOG ERROR [GB_Scheduler_Worker-1] o.quartz.core.ErrorLogger [QuartzScheduler.java:2425] Job (DEFAULT.ControlSch threw an exception.
org.quartz.SchedulerException: Job threw an unhandled exception.
	at org.quartz.core.JobRunShell.run(JobRunShell.java:213)
	at org.quartz.simpl.SimpleThreadPool$WorkerThread.run(SimpleThreadPool.java:573)
Caused by: org.hibernate.HibernateException: Access to DialectResolutionInfo cannot be null when 'hibernate.dialect' not set
	at org.hibernate.engine.jdbc.dialect.internal.DialectFactoryImpl.determineDialect(DialectFactoryImpl.java:104)
	at org.hibernate.engine.jdbc.dialect.internal.DialectFactoryImpl.buildDialect(DialectFactoryImpl.java:71)
	at org.hibernate.engine.jdbc.internal.JdbcServicesImpl.configure(JdbcServicesImpl.java:209)
	at org.hibernate.boot.registry.internal.StandardServiceRegistryImpl.configureService(StandardServiceRegistryImpl.java:89)
	at org.hibernate.service.internal.AbstractServiceRegistryImpl.initializeService(AbstractServiceRegistryImpl.java:206)
	at org.hibernate.service.internal.AbstractServiceRegistryImpl.getService(AbstractServiceRegistryImpl.java:178)
	at org.hibernate.cfg.Configuration.buildTypeRegistrations(Configuration.java:1885)
	at org.hibernate.cfg.Configuration.buildSessionFactory(Configuration.java:1843)
	at org.hibernate.cfg.Configuration.buildSessionFactory(Configuration.java:1928)
	at com.gabyval.core.connections.connectors.ConnectionFactory.configure(ConnectionFactory.java:118)
	at com.gabyval.core.connections.connectors.ConnectionFactory.getConnection(ConnectionFactory.java:71)
	at com.gabyval.core.commons.controllers.PersistenceManager.<init>(PersistenceManager.java:61)
	at com.gabyval.core.commons.controllers.PersistenceManager.getInstance(PersistenceManager.java:71)
	at com.gabyval.core.time.SystemDateController.<init>(SystemDateController.java:63)
	at com.gabyval.core.time.SystemDateController.getInstance(SystemDateController.java:73)
	at com.gabyval.core.scheduler.SchedulerControl.execute(SchedulerControl.java:67)
	at org.quartz.core.JobRunShell.run(JobRunShell.java:202)
	... 1 common frames omitted
[2017-09-27 21:12:48,007] - GB_Scheduler_LOG ERROR [GB_Scheduler_Worker-1] o.quartz.core.JobRunShell [JobRunShell.java:211] Job DEFAULT.ControlSch threw an unhandled Exception: 
org.hibernate.HibernateException: Access to DialectResolutionInfo cannot be null when 'hibernate.dialect' not set
	at org.hibernate.engine.jdbc.dialect.internal.DialectFactoryImpl.determineDialect(DialectFactoryImpl.java:104)
	at org.hibernate.engine.jdbc.dialect.internal.DialectFactoryImpl.buildDialect(DialectFactoryImpl.java:71)
	at org.hibernate.engine.jdbc.internal.JdbcServicesImpl.configure(JdbcServicesImpl.java:209)
	at org.hibernate.boot.registry.internal.StandardServiceRegistryImpl.configureService(StandardServiceRegistryImpl.java:89)
	at org.hibernate.service.internal.AbstractServiceRegistryImpl.initializeService(AbstractServiceRegistryImpl.java:206)
	at org.hibernate.service.internal.AbstractServiceRegistryImpl.getService(AbstractServiceRegistryImpl.java:178)
	at org.hibernate.cfg.Configuration.buildTypeRegistrations(Configuration.java:1885)
	at org.hibernate.cfg.Configuration.buildSessionFactory(Configuration.java:1843)
	at org.hibernate.cfg.Configuration.buildSessionFactory(Configuration.java:1928)
	at com.gabyval.core.connections.connectors.ConnectionFactory.configure(ConnectionFactory.java:118)
	at com.gabyval.core.connections.connectors.ConnectionFactory.getConnection(ConnectionFactory.java:71)
	at com.gabyval.core.commons.controllers.PersistenceManager.<init>(PersistenceManager.java:61)
	at com.gabyval.core.commons.controllers.PersistenceManager.getInstance(PersistenceManager.java:71)
	at com.gabyval.core.time.SystemDateController.<init>(SystemDateController.java:63)
	at com.gabyval.core.time.SystemDateController.getInstance(SystemDateController.java:73)
	at com.gabyval.core.scheduler.SchedulerControl.execute(SchedulerControl.java:67)
	at org.quartz.core.JobRunShell.run(JobRunShell.java:202)
	at org.quartz.simpl.SimpleThreadPool$WorkerThread.run(SimpleThreadPool.java:573)
[2017-09-27 21:12:48,007] - GB_Scheduler_LOG ERROR [GB_Scheduler_Worker-1] o.quartz.core.JobRunShell [JobRunShell.java:211] Job DEFAULT.ControlSch threw an unhandled Exception: 
org.hibernate.HibernateException: Access to DialectResolutionInfo cannot be null when 'hibernate.dialect' not set
	at org.hibernate.engine.jdbc.dialect.internal.DialectFactoryImpl.determineDialect(DialectFactoryImpl.java:104)
	at org.hibernate.engine.jdbc.dialect.internal.DialectFactoryImpl.buildDialect(DialectFactoryImpl.java:71)
	at org.hibernate.engine.jdbc.internal.JdbcServicesImpl.configure(JdbcServicesImpl.java:209)
	at org.hibernate.boot.registry.internal.StandardServiceRegistryImpl.configureService(StandardServiceRegistryImpl.java:89)
	at org.hibernate.service.internal.AbstractServiceRegistryImpl.initializeService(AbstractServiceRegistryImpl.java:206)
	at org.hibernate.service.internal.AbstractServiceRegistryImpl.getService(AbstractServiceRegistryImpl.java:178)
	at org.hibernate.cfg.Configuration.buildTypeRegistrations(Configuration.java:1885)
	at org.hibernate.cfg.Configuration.buildSessionFactory(Configuration.java:1843)
	at org.hibernate.cfg.Configuration.buildSessionFactory(Configuration.java:1928)
	at com.gabyval.core.connections.connectors.ConnectionFactory.configure(ConnectionFactory.java:118)
	at com.gabyval.core.connections.connectors.ConnectionFactory.getConnection(ConnectionFactory.java:71)
	at com.gabyval.core.commons.controllers.PersistenceManager.<init>(PersistenceManager.java:61)
	at com.gabyval.core.commons.controllers.PersistenceManager.getInstance(PersistenceManager.java:71)
	at com.gabyval.core.time.SystemDateController.<init>(SystemDateController.java:63)
	at com.gabyval.core.time.SystemDateController.getInstance(SystemDateController.java:73)
	at com.gabyval.core.scheduler.SchedulerControl.execute(SchedulerControl.java:67)
	at org.quartz.core.JobRunShell.run(JobRunShell.java:202)
	at org.quartz.simpl.SimpleThreadPool$WorkerThread.run(SimpleThreadPool.java:573)
[2017-09-27 21:12:48,007] - GB_Scheduler_LOG ERROR [GB_Scheduler_Worker-1] o.quartz.core.ErrorLogger [QuartzScheduler.java:2425] Job (DEFAULT.ControlSch threw an exception.
org.quartz.SchedulerException: Job threw an unhandled exception.
	at org.quartz.core.JobRunShell.run(JobRunShell.java:213)
	at org.quartz.simpl.SimpleThreadPool$WorkerThread.run(SimpleThreadPool.java:573)
Caused by: org.hibernate.HibernateException: Access to DialectResolutionInfo cannot be null when 'hibernate.dialect' not set
	at org.hibernate.engine.jdbc.dialect.internal.DialectFactoryImpl.determineDialect(DialectFactoryImpl.java:104)
	at org.hibernate.engine.jdbc.dialect.internal.DialectFactoryImpl.buildDialect(DialectFactoryImpl.java:71)
	at org.hibernate.engine.jdbc.internal.JdbcServicesImpl.configure(JdbcServicesImpl.java:209)
	at org.hibernate.boot.registry.internal.StandardServiceRegistryImpl.configureService(StandardServiceRegistryImpl.java:89)
	at org.hibernate.service.internal.AbstractServiceRegistryImpl.initializeService(AbstractServiceRegistryImpl.java:206)
	at org.hibernate.service.internal.AbstractServiceRegistryImpl.getService(AbstractServiceRegistryImpl.java:178)
	at org.hibernate.cfg.Configuration.buildTypeRegistrations(Configuration.java:1885)
	at org.hibernate.cfg.Configuration.buildSessionFactory(Configuration.java:1843)
	at org.hibernate.cfg.Configuration.buildSessionFactory(Configuration.java:1928)
	at com.gabyval.core.connections.connectors.ConnectionFactory.configure(ConnectionFactory.java:118)
	at com.gabyval.core.connections.connectors.ConnectionFactory.getConnection(ConnectionFactory.java:71)
	at com.gabyval.core.commons.controllers.PersistenceManager.<init>(PersistenceManager.java:61)
	at com.gabyval.core.commons.controllers.PersistenceManager.getInstance(PersistenceManager.java:71)
	at com.gabyval.core.time.SystemDateController.<init>(SystemDateController.java:63)
	at com.gabyval.core.time.SystemDateController.getInstance(SystemDateController.java:73)
	at com.gabyval.core.scheduler.SchedulerControl.execute(SchedulerControl.java:67)
	at org.quartz.core.JobRunShell.run(JobRunShell.java:202)
	... 1 common frames omitted
[2017-09-27 21:12:48,007] - GB_Scheduler_LOG ERROR [GB_Scheduler_Worker-1] o.quartz.core.ErrorLogger [QuartzScheduler.java:2425] Job (DEFAULT.ControlSch threw an exception.
org.quartz.SchedulerException: Job threw an unhandled exception.
	at org.quartz.core.JobRunShell.run(JobRunShell.java:213)
	at org.quartz.simpl.SimpleThreadPool$WorkerThread.run(SimpleThreadPool.java:573)
Caused by: org.hibernate.HibernateException: Access to DialectResolutionInfo cannot be null when 'hibernate.dialect' not set
	at org.hibernate.engine.jdbc.dialect.internal.DialectFactoryImpl.determineDialect(DialectFactoryImpl.java:104)
	at org.hibernate.engine.jdbc.dialect.internal.DialectFactoryImpl.buildDialect(DialectFactoryImpl.java:71)
	at org.hibernate.engine.jdbc.internal.JdbcServicesImpl.configure(JdbcServicesImpl.java:209)
	at org.hibernate.boot.registry.internal.StandardServiceRegistryImpl.configureService(StandardServiceRegistryImpl.java:89)
	at org.hibernate.service.internal.AbstractServiceRegistryImpl.initializeService(AbstractServiceRegistryImpl.java:206)
	at org.hibernate.service.internal.AbstractServiceRegistryImpl.getService(AbstractServiceRegistryImpl.java:178)
	at org.hibernate.cfg.Configuration.buildTypeRegistrations(Configuration.java:1885)
	at org.hibernate.cfg.Configuration.buildSessionFactory(Configuration.java:1843)
	at org.hibernate.cfg.Configuration.buildSessionFactory(Configuration.java:1928)
	at com.gabyval.core.connections.connectors.ConnectionFactory.configure(ConnectionFactory.java:118)
	at com.gabyval.core.connections.connectors.ConnectionFactory.getConnection(ConnectionFactory.java:71)
	at com.gabyval.core.commons.controllers.PersistenceManager.<init>(PersistenceManager.java:61)
	at com.gabyval.core.commons.controllers.PersistenceManager.getInstance(PersistenceManager.java:71)
	at com.gabyval.core.time.SystemDateController.<init>(SystemDateController.java:63)
	at com.gabyval.core.time.SystemDateController.getInstance(SystemDateController.java:73)
	at com.gabyval.core.scheduler.SchedulerControl.execute(SchedulerControl.java:67)
	at org.quartz.core.JobRunShell.run(JobRunShell.java:202)
	... 1 common frames omitted
[2017-09-27 21:12:49,008] - GB_Scheduler_LOG ERROR [GB_Scheduler_Worker-1] o.quartz.core.JobRunShell [JobRunShell.java:211] Job DEFAULT.ControlSch threw an unhandled Exception: 
org.hibernate.HibernateException: Access to DialectResolutionInfo cannot be null when 'hibernate.dialect' not set
	at org.hibernate.engine.jdbc.dialect.internal.DialectFactoryImpl.determineDialect(DialectFactoryImpl.java:104)
	at org.hibernate.engine.jdbc.dialect.internal.DialectFactoryImpl.buildDialect(DialectFactoryImpl.java:71)
	at org.hibernate.engine.jdbc.internal.JdbcServicesImpl.configure(JdbcServicesImpl.java:209)
	at org.hibernate.boot.registry.internal.StandardServiceRegistryImpl.configureService(StandardServiceRegistryImpl.java:89)
	at org.hibernate.service.internal.AbstractServiceRegistryImpl.initializeService(AbstractServiceRegistryImpl.java:206)
	at org.hibernate.service.internal.AbstractServiceRegistryImpl.getService(AbstractServiceRegistryImpl.java:178)
	at org.hibernate.cfg.Configuration.buildTypeRegistrations(Configuration.java:1885)
	at org.hibernate.cfg.Configuration.buildSessionFactory(Configuration.java:1843)
	at org.hibernate.cfg.Configuration.buildSessionFactory(Configuration.java:1928)
	at com.gabyval.core.connections.connectors.ConnectionFactory.configure(ConnectionFactory.java:118)
	at com.gabyval.core.connections.connectors.ConnectionFactory.getConnection(ConnectionFactory.java:71)
	at com.gabyval.core.commons.controllers.PersistenceManager.<init>(PersistenceManager.java:61)
	at com.gabyval.core.commons.controllers.PersistenceManager.getInstance(PersistenceManager.java:71)
	at com.gabyval.core.time.SystemDateController.<init>(SystemDateController.java:63)
	at com.gabyval.core.time.SystemDateController.getInstance(SystemDateController.java:73)
	at com.gabyval.core.scheduler.SchedulerControl.execute(SchedulerControl.java:67)
	at org.quartz.core.JobRunShell.run(JobRunShell.java:202)
	at org.quartz.simpl.SimpleThreadPool$WorkerThread.run(SimpleThreadPool.java:573)
[2017-09-27 21:12:49,008] - GB_Scheduler_LOG ERROR [GB_Scheduler_Worker-1] o.quartz.core.JobRunShell [JobRunShell.java:211] Job DEFAULT.ControlSch threw an unhandled Exception: 
org.hibernate.HibernateException: Access to DialectResolutionInfo cannot be null when 'hibernate.dialect' not set
	at org.hibernate.engine.jdbc.dialect.internal.DialectFactoryImpl.determineDialect(DialectFactoryImpl.java:104)
	at org.hibernate.engine.jdbc.dialect.internal.DialectFactoryImpl.buildDialect(DialectFactoryImpl.java:71)
	at org.hibernate.engine.jdbc.internal.JdbcServicesImpl.configure(JdbcServicesImpl.java:209)
	at org.hibernate.boot.registry.internal.StandardServiceRegistryImpl.configureService(StandardServiceRegistryImpl.java:89)
	at org.hibernate.service.internal.AbstractServiceRegistryImpl.initializeService(AbstractServiceRegistryImpl.java:206)
	at org.hibernate.service.internal.AbstractServiceRegistryImpl.getService(AbstractServiceRegistryImpl.java:178)
	at org.hibernate.cfg.Configuration.buildTypeRegistrations(Configuration.java:1885)
	at org.hibernate.cfg.Configuration.buildSessionFactory(Configuration.java:1843)
	at org.hibernate.cfg.Configuration.buildSessionFactory(Configuration.java:1928)
	at com.gabyval.core.connections.connectors.ConnectionFactory.configure(ConnectionFactory.java:118)
	at com.gabyval.core.connections.connectors.ConnectionFactory.getConnection(ConnectionFactory.java:71)
	at com.gabyval.core.commons.controllers.PersistenceManager.<init>(PersistenceManager.java:61)
	at com.gabyval.core.commons.controllers.PersistenceManager.getInstance(PersistenceManager.java:71)
	at com.gabyval.core.time.SystemDateController.<init>(SystemDateController.java:63)
	at com.gabyval.core.time.SystemDateController.getInstance(SystemDateController.java:73)
	at com.gabyval.core.scheduler.SchedulerControl.execute(SchedulerControl.java:67)
	at org.quartz.core.JobRunShell.run(JobRunShell.java:202)
	at org.quartz.simpl.SimpleThreadPool$WorkerThread.run(SimpleThreadPool.java:573)
[2017-09-27 21:12:49,008] - GB_Scheduler_LOG ERROR [GB_Scheduler_Worker-1] o.quartz.core.ErrorLogger [QuartzScheduler.java:2425] Job (DEFAULT.ControlSch threw an exception.
org.quartz.SchedulerException: Job threw an unhandled exception.
	at org.quartz.core.JobRunShell.run(JobRunShell.java:213)
	at org.quartz.simpl.SimpleThreadPool$WorkerThread.run(SimpleThreadPool.java:573)
Caused by: org.hibernate.HibernateException: Access to DialectResolutionInfo cannot be null when 'hibernate.dialect' not set
	at org.hibernate.engine.jdbc.dialect.internal.DialectFactoryImpl.determineDialect(DialectFactoryImpl.java:104)
	at org.hibernate.engine.jdbc.dialect.internal.DialectFactoryImpl.buildDialect(DialectFactoryImpl.java:71)
	at org.hibernate.engine.jdbc.internal.JdbcServicesImpl.configure(JdbcServicesImpl.java:209)
	at org.hibernate.boot.registry.internal.StandardServiceRegistryImpl.configureService(StandardServiceRegistryImpl.java:89)
	at org.hibernate.service.internal.AbstractServiceRegistryImpl.initializeService(AbstractServiceRegistryImpl.java:206)
	at org.hibernate.service.internal.AbstractServiceRegistryImpl.getService(AbstractServiceRegistryImpl.java:178)
	at org.hibernate.cfg.Configuration.buildTypeRegistrations(Configuration.java:1885)
	at org.hibernate.cfg.Configuration.buildSessionFactory(Configuration.java:1843)
	at org.hibernate.cfg.Configuration.buildSessionFactory(Configuration.java:1928)
	at com.gabyval.core.connections.connectors.ConnectionFactory.configure(ConnectionFactory.java:118)
	at com.gabyval.core.connections.connectors.ConnectionFactory.getConnection(ConnectionFactory.java:71)
	at com.gabyval.core.commons.controllers.PersistenceManager.<init>(PersistenceManager.java:61)
	at com.gabyval.core.commons.controllers.PersistenceManager.getInstance(PersistenceManager.java:71)
	at com.gabyval.core.time.SystemDateController.<init>(SystemDateController.java:63)
	at com.gabyval.core.time.SystemDateController.getInstance(SystemDateController.java:73)
	at com.gabyval.core.scheduler.SchedulerControl.execute(SchedulerControl.java:67)
	at org.quartz.core.JobRunShell.run(JobRunShell.java:202)
	... 1 common frames omitted
[2017-09-27 21:12:49,008] - GB_Scheduler_LOG ERROR [GB_Scheduler_Worker-1] o.quartz.core.ErrorLogger [QuartzScheduler.java:2425] Job (DEFAULT.ControlSch threw an exception.
org.quartz.SchedulerException: Job threw an unhandled exception.
	at org.quartz.core.JobRunShell.run(JobRunShell.java:213)
	at org.quartz.simpl.SimpleThreadPool$WorkerThread.run(SimpleThreadPool.java:573)
Caused by: org.hibernate.HibernateException: Access to DialectResolutionInfo cannot be null when 'hibernate.dialect' not set
	at org.hibernate.engine.jdbc.dialect.internal.DialectFactoryImpl.determineDialect(DialectFactoryImpl.java:104)
	at org.hibernate.engine.jdbc.dialect.internal.DialectFactoryImpl.buildDialect(DialectFactoryImpl.java:71)
	at org.hibernate.engine.jdbc.internal.JdbcServicesImpl.configure(JdbcServicesImpl.java:209)
	at org.hibernate.boot.registry.internal.StandardServiceRegistryImpl.configureService(StandardServiceRegistryImpl.java:89)
	at org.hibernate.service.internal.AbstractServiceRegistryImpl.initializeService(AbstractServiceRegistryImpl.java:206)
	at org.hibernate.service.internal.AbstractServiceRegistryImpl.getService(AbstractServiceRegistryImpl.java:178)
	at org.hibernate.cfg.Configuration.buildTypeRegistrations(Configuration.java:1885)
	at org.hibernate.cfg.Configuration.buildSessionFactory(Configuration.java:1843)
	at org.hibernate.cfg.Configuration.buildSessionFactory(Configuration.java:1928)
	at com.gabyval.core.connections.connectors.ConnectionFactory.configure(ConnectionFactory.java:118)
	at com.gabyval.core.connections.connectors.ConnectionFactory.getConnection(ConnectionFactory.java:71)
	at com.gabyval.core.commons.controllers.PersistenceManager.<init>(PersistenceManager.java:61)
	at com.gabyval.core.commons.controllers.PersistenceManager.getInstance(PersistenceManager.java:71)
	at com.gabyval.core.time.SystemDateController.<init>(SystemDateController.java:63)
	at com.gabyval.core.time.SystemDateController.getInstance(SystemDateController.java:73)
	at com.gabyval.core.scheduler.SchedulerControl.execute(SchedulerControl.java:67)
	at org.quartz.core.JobRunShell.run(JobRunShell.java:202)
	... 1 common frames omitted
[2017-09-27 21:12:50,011] - GB_Scheduler_LOG ERROR [GB_Scheduler_Worker-1] o.quartz.core.JobRunShell [JobRunShell.java:211] Job DEFAULT.ControlSch threw an unhandled Exception: 
org.hibernate.HibernateException: Access to DialectResolutionInfo cannot be null when 'hibernate.dialect' not set
	at org.hibernate.engine.jdbc.dialect.internal.DialectFactoryImpl.determineDialect(DialectFactoryImpl.java:104)
	at org.hibernate.engine.jdbc.dialect.internal.DialectFactoryImpl.buildDialect(DialectFactoryImpl.java:71)
	at org.hibernate.engine.jdbc.internal.JdbcServicesImpl.configure(JdbcServicesImpl.java:209)
	at org.hibernate.boot.registry.internal.StandardServiceRegistryImpl.configureService(StandardServiceRegistryImpl.java:89)
	at org.hibernate.service.internal.AbstractServiceRegistryImpl.initializeService(AbstractServiceRegistryImpl.java:206)
	at org.hibernate.service.internal.AbstractServiceRegistryImpl.getService(AbstractServiceRegistryImpl.java:178)
	at org.hibernate.cfg.Configuration.buildTypeRegistrations(Configuration.java:1885)
	at org.hibernate.cfg.Configuration.buildSessionFactory(Configuration.java:1843)
	at org.hibernate.cfg.Configuration.buildSessionFactory(Configuration.java:1928)
	at com.gabyval.core.connections.connectors.ConnectionFactory.configure(ConnectionFactory.java:118)
	at com.gabyval.core.connections.connectors.ConnectionFactory.getConnection(ConnectionFactory.java:71)
	at com.gabyval.core.commons.controllers.PersistenceManager.<init>(PersistenceManager.java:61)
	at com.gabyval.core.commons.controllers.PersistenceManager.getInstance(PersistenceManager.java:71)
	at com.gabyval.core.time.SystemDateController.<init>(SystemDateController.java:63)
	at com.gabyval.core.time.SystemDateController.getInstance(SystemDateController.java:73)
	at com.gabyval.core.scheduler.SchedulerControl.execute(SchedulerControl.java:67)
	at org.quartz.core.JobRunShell.run(JobRunShell.java:202)
	at org.quartz.simpl.SimpleThreadPool$WorkerThread.run(SimpleThreadPool.java:573)
[2017-09-27 21:12:50,011] - GB_Scheduler_LOG ERROR [GB_Scheduler_Worker-1] o.quartz.core.JobRunShell [JobRunShell.java:211] Job DEFAULT.ControlSch threw an unhandled Exception: 
org.hibernate.HibernateException: Access to DialectResolutionInfo cannot be null when 'hibernate.dialect' not set
	at org.hibernate.engine.jdbc.dialect.internal.DialectFactoryImpl.determineDialect(DialectFactoryImpl.java:104)
	at org.hibernate.engine.jdbc.dialect.internal.DialectFactoryImpl.buildDialect(DialectFactoryImpl.java:71)
	at org.hibernate.engine.jdbc.internal.JdbcServicesImpl.configure(JdbcServicesImpl.java:209)
	at org.hibernate.boot.registry.internal.StandardServiceRegistryImpl.configureService(StandardServiceRegistryImpl.java:89)
	at org.hibernate.service.internal.AbstractServiceRegistryImpl.initializeService(AbstractServiceRegistryImpl.java:206)
	at org.hibernate.service.internal.AbstractServiceRegistryImpl.getService(AbstractServiceRegistryImpl.java:178)
	at org.hibernate.cfg.Configuration.buildTypeRegistrations(Configuration.java:1885)
	at org.hibernate.cfg.Configuration.buildSessionFactory(Configuration.java:1843)
	at org.hibernate.cfg.Configuration.buildSessionFactory(Configuration.java:1928)
	at com.gabyval.core.connections.connectors.ConnectionFactory.configure(ConnectionFactory.java:118)
	at com.gabyval.core.connections.connectors.ConnectionFactory.getConnection(ConnectionFactory.java:71)
	at com.gabyval.core.commons.controllers.PersistenceManager.<init>(PersistenceManager.java:61)
	at com.gabyval.core.commons.controllers.PersistenceManager.getInstance(PersistenceManager.java:71)
	at com.gabyval.core.time.SystemDateController.<init>(SystemDateController.java:63)
	at com.gabyval.core.time.SystemDateController.getInstance(SystemDateController.java:73)
	at com.gabyval.core.scheduler.SchedulerControl.execute(SchedulerControl.java:67)
	at org.quartz.core.JobRunShell.run(JobRunShell.java:202)
	at org.quartz.simpl.SimpleThreadPool$WorkerThread.run(SimpleThreadPool.java:573)
[2017-09-27 21:12:50,011] - GB_Scheduler_LOG ERROR [GB_Scheduler_Worker-1] o.quartz.core.ErrorLogger [QuartzScheduler.java:2425] Job (DEFAULT.ControlSch threw an exception.
org.quartz.SchedulerException: Job threw an unhandled exception.
	at org.quartz.core.JobRunShell.run(JobRunShell.java:213)
	at org.quartz.simpl.SimpleThreadPool$WorkerThread.run(SimpleThreadPool.java:573)
Caused by: org.hibernate.HibernateException: Access to DialectResolutionInfo cannot be null when 'hibernate.dialect' not set
	at org.hibernate.engine.jdbc.dialect.internal.DialectFactoryImpl.determineDialect(DialectFactoryImpl.java:104)
	at org.hibernate.engine.jdbc.dialect.internal.DialectFactoryImpl.buildDialect(DialectFactoryImpl.java:71)
	at org.hibernate.engine.jdbc.internal.JdbcServicesImpl.configure(JdbcServicesImpl.java:209)
	at org.hibernate.boot.registry.internal.StandardServiceRegistryImpl.configureService(StandardServiceRegistryImpl.java:89)
	at org.hibernate.service.internal.AbstractServiceRegistryImpl.initializeService(AbstractServiceRegistryImpl.java:206)
	at org.hibernate.service.internal.AbstractServiceRegistryImpl.getService(AbstractServiceRegistryImpl.java:178)
	at org.hibernate.cfg.Configuration.buildTypeRegistrations(Configuration.java:1885)
	at org.hibernate.cfg.Configuration.buildSessionFactory(Configuration.java:1843)
	at org.hibernate.cfg.Configuration.buildSessionFactory(Configuration.java:1928)
	at com.gabyval.core.connections.connectors.ConnectionFactory.configure(ConnectionFactory.java:118)
	at com.gabyval.core.connections.connectors.ConnectionFactory.getConnection(ConnectionFactory.java:71)
	at com.gabyval.core.commons.controllers.PersistenceManager.<init>(PersistenceManager.java:61)
	at com.gabyval.core.commons.controllers.PersistenceManager.getInstance(PersistenceManager.java:71)
	at com.gabyval.core.time.SystemDateController.<init>(SystemDateController.java:63)
	at com.gabyval.core.time.SystemDateController.getInstance(SystemDateController.java:73)
	at com.gabyval.core.scheduler.SchedulerControl.execute(SchedulerControl.java:67)
	at org.quartz.core.JobRunShell.run(JobRunShell.java:202)
	... 1 common frames omitted
[2017-09-27 21:12:50,011] - GB_Scheduler_LOG ERROR [GB_Scheduler_Worker-1] o.quartz.core.ErrorLogger [QuartzScheduler.java:2425] Job (DEFAULT.ControlSch threw an exception.
org.quartz.SchedulerException: Job threw an unhandled exception.
	at org.quartz.core.JobRunShell.run(JobRunShell.java:213)
	at org.quartz.simpl.SimpleThreadPool$WorkerThread.run(SimpleThreadPool.java:573)
Caused by: org.hibernate.HibernateException: Access to DialectResolutionInfo cannot be null when 'hibernate.dialect' not set
	at org.hibernate.engine.jdbc.dialect.internal.DialectFactoryImpl.determineDialect(DialectFactoryImpl.java:104)
	at org.hibernate.engine.jdbc.dialect.internal.DialectFactoryImpl.buildDialect(DialectFactoryImpl.java:71)
	at org.hibernate.engine.jdbc.internal.JdbcServicesImpl.configure(JdbcServicesImpl.java:209)
	at org.hibernate.boot.registry.internal.StandardServiceRegistryImpl.configureService(StandardServiceRegistryImpl.java:89)
	at org.hibernate.service.internal.AbstractServiceRegistryImpl.initializeService(AbstractServiceRegistryImpl.java:206)
	at org.hibernate.service.internal.AbstractServiceRegistryImpl.getService(AbstractServiceRegistryImpl.java:178)
	at org.hibernate.cfg.Configuration.buildTypeRegistrations(Configuration.java:1885)
	at org.hibernate.cfg.Configuration.buildSessionFactory(Configuration.java:1843)
	at org.hibernate.cfg.Configuration.buildSessionFactory(Configuration.java:1928)
	at com.gabyval.core.connections.connectors.ConnectionFactory.configure(ConnectionFactory.java:118)
	at com.gabyval.core.connections.connectors.ConnectionFactory.getConnection(ConnectionFactory.java:71)
	at com.gabyval.core.commons.controllers.PersistenceManager.<init>(PersistenceManager.java:61)
	at com.gabyval.core.commons.controllers.PersistenceManager.getInstance(PersistenceManager.java:71)
	at com.gabyval.core.time.SystemDateController.<init>(SystemDateController.java:63)
	at com.gabyval.core.time.SystemDateController.getInstance(SystemDateController.java:73)
	at com.gabyval.core.scheduler.SchedulerControl.execute(SchedulerControl.java:67)
	at org.quartz.core.JobRunShell.run(JobRunShell.java:202)
	... 1 common frames omitted
[2017-09-27 21:12:51,012] - GB_Scheduler_LOG ERROR [GB_Scheduler_Worker-1] o.quartz.core.JobRunShell [JobRunShell.java:211] Job DEFAULT.ControlSch threw an unhandled Exception: 
org.hibernate.HibernateException: Access to DialectResolutionInfo cannot be null when 'hibernate.dialect' not set
	at org.hibernate.engine.jdbc.dialect.internal.DialectFactoryImpl.determineDialect(DialectFactoryImpl.java:104)
	at org.hibernate.engine.jdbc.dialect.internal.DialectFactoryImpl.buildDialect(DialectFactoryImpl.java:71)
	at org.hibernate.engine.jdbc.internal.JdbcServicesImpl.configure(JdbcServicesImpl.java:209)
	at org.hibernate.boot.registry.internal.StandardServiceRegistryImpl.configureService(StandardServiceRegistryImpl.java:89)
	at org.hibernate.service.internal.AbstractServiceRegistryImpl.initializeService(AbstractServiceRegistryImpl.java:206)
	at org.hibernate.service.internal.AbstractServiceRegistryImpl.getService(AbstractServiceRegistryImpl.java:178)
	at org.hibernate.cfg.Configuration.buildTypeRegistrations(Configuration.java:1885)
	at org.hibernate.cfg.Configuration.buildSessionFactory(Configuration.java:1843)
	at org.hibernate.cfg.Configuration.buildSessionFactory(Configuration.java:1928)
	at com.gabyval.core.connections.connectors.ConnectionFactory.configure(ConnectionFactory.java:118)
	at com.gabyval.core.connections.connectors.ConnectionFactory.getConnection(ConnectionFactory.java:71)
	at com.gabyval.core.commons.controllers.PersistenceManager.<init>(PersistenceManager.java:61)
	at com.gabyval.core.commons.controllers.PersistenceManager.getInstance(PersistenceManager.java:71)
	at com.gabyval.core.time.SystemDateController.<init>(SystemDateController.java:63)
	at com.gabyval.core.time.SystemDateController.getInstance(SystemDateController.java:73)
	at com.gabyval.core.scheduler.SchedulerControl.execute(SchedulerControl.java:67)
	at org.quartz.core.JobRunShell.run(JobRunShell.java:202)
	at org.quartz.simpl.SimpleThreadPool$WorkerThread.run(SimpleThreadPool.java:573)
[2017-09-27 21:12:51,012] - GB_Scheduler_LOG ERROR [GB_Scheduler_Worker-1] o.quartz.core.JobRunShell [JobRunShell.java:211] Job DEFAULT.ControlSch threw an unhandled Exception: 
org.hibernate.HibernateException: Access to DialectResolutionInfo cannot be null when 'hibernate.dialect' not set
	at org.hibernate.engine.jdbc.dialect.internal.DialectFactoryImpl.determineDialect(DialectFactoryImpl.java:104)
	at org.hibernate.engine.jdbc.dialect.internal.DialectFactoryImpl.buildDialect(DialectFactoryImpl.java:71)
	at org.hibernate.engine.jdbc.internal.JdbcServicesImpl.configure(JdbcServicesImpl.java:209)
	at org.hibernate.boot.registry.internal.StandardServiceRegistryImpl.configureService(StandardServiceRegistryImpl.java:89)
	at org.hibernate.service.internal.AbstractServiceRegistryImpl.initializeService(AbstractServiceRegistryImpl.java:206)
	at org.hibernate.service.internal.AbstractServiceRegistryImpl.getService(AbstractServiceRegistryImpl.java:178)
	at org.hibernate.cfg.Configuration.buildTypeRegistrations(Configuration.java:1885)
	at org.hibernate.cfg.Configuration.buildSessionFactory(Configuration.java:1843)
	at org.hibernate.cfg.Configuration.buildSessionFactory(Configuration.java:1928)
	at com.gabyval.core.connections.connectors.ConnectionFactory.configure(ConnectionFactory.java:118)
	at com.gabyval.core.connections.connectors.ConnectionFactory.getConnection(ConnectionFactory.java:71)
	at com.gabyval.core.commons.controllers.PersistenceManager.<init>(PersistenceManager.java:61)
	at com.gabyval.core.commons.controllers.PersistenceManager.getInstance(PersistenceManager.java:71)
	at com.gabyval.core.time.SystemDateController.<init>(SystemDateController.java:63)
	at com.gabyval.core.time.SystemDateController.getInstance(SystemDateController.java:73)
	at com.gabyval.core.scheduler.SchedulerControl.execute(SchedulerControl.java:67)
	at org.quartz.core.JobRunShell.run(JobRunShell.java:202)
	at org.quartz.simpl.SimpleThreadPool$WorkerThread.run(SimpleThreadPool.java:573)
[2017-09-27 21:12:51,012] - GB_Scheduler_LOG ERROR [GB_Scheduler_Worker-1] o.quartz.core.ErrorLogger [QuartzScheduler.java:2425] Job (DEFAULT.ControlSch threw an exception.
org.quartz.SchedulerException: Job threw an unhandled exception.
	at org.quartz.core.JobRunShell.run(JobRunShell.java:213)
	at org.quartz.simpl.SimpleThreadPool$WorkerThread.run(SimpleThreadPool.java:573)
Caused by: org.hibernate.HibernateException: Access to DialectResolutionInfo cannot be null when 'hibernate.dialect' not set
	at org.hibernate.engine.jdbc.dialect.internal.DialectFactoryImpl.determineDialect(DialectFactoryImpl.java:104)
	at org.hibernate.engine.jdbc.dialect.internal.DialectFactoryImpl.buildDialect(DialectFactoryImpl.java:71)
	at org.hibernate.engine.jdbc.internal.JdbcServicesImpl.configure(JdbcServicesImpl.java:209)
	at org.hibernate.boot.registry.internal.StandardServiceRegistryImpl.configureService(StandardServiceRegistryImpl.java:89)
	at org.hibernate.service.internal.AbstractServiceRegistryImpl.initializeService(AbstractServiceRegistryImpl.java:206)
	at org.hibernate.service.internal.AbstractServiceRegistryImpl.getService(AbstractServiceRegistryImpl.java:178)
	at org.hibernate.cfg.Configuration.buildTypeRegistrations(Configuration.java:1885)
	at org.hibernate.cfg.Configuration.buildSessionFactory(Configuration.java:1843)
	at org.hibernate.cfg.Configuration.buildSessionFactory(Configuration.java:1928)
	at com.gabyval.core.connections.connectors.ConnectionFactory.configure(ConnectionFactory.java:118)
	at com.gabyval.core.connections.connectors.ConnectionFactory.getConnection(ConnectionFactory.java:71)
	at com.gabyval.core.commons.controllers.PersistenceManager.<init>(PersistenceManager.java:61)
	at com.gabyval.core.commons.controllers.PersistenceManager.getInstance(PersistenceManager.java:71)
	at com.gabyval.core.time.SystemDateController.<init>(SystemDateController.java:63)
	at com.gabyval.core.time.SystemDateController.getInstance(SystemDateController.java:73)
	at com.gabyval.core.scheduler.SchedulerControl.execute(SchedulerControl.java:67)
	at org.quartz.core.JobRunShell.run(JobRunShell.java:202)
	... 1 common frames omitted
[2017-09-27 21:12:51,012] - GB_Scheduler_LOG ERROR [GB_Scheduler_Worker-1] o.quartz.core.ErrorLogger [QuartzScheduler.java:2425] Job (DEFAULT.ControlSch threw an exception.
org.quartz.SchedulerException: Job threw an unhandled exception.
	at org.quartz.core.JobRunShell.run(JobRunShell.java:213)
	at org.quartz.simpl.SimpleThreadPool$WorkerThread.run(SimpleThreadPool.java:573)
Caused by: org.hibernate.HibernateException: Access to DialectResolutionInfo cannot be null when 'hibernate.dialect' not set
	at org.hibernate.engine.jdbc.dialect.internal.DialectFactoryImpl.determineDialect(DialectFactoryImpl.java:104)
	at org.hibernate.engine.jdbc.dialect.internal.DialectFactoryImpl.buildDialect(DialectFactoryImpl.java:71)
	at org.hibernate.engine.jdbc.internal.JdbcServicesImpl.configure(JdbcServicesImpl.java:209)
	at org.hibernate.boot.registry.internal.StandardServiceRegistryImpl.configureService(StandardServiceRegistryImpl.java:89)
	at org.hibernate.service.internal.AbstractServiceRegistryImpl.initializeService(AbstractServiceRegistryImpl.java:206)
	at org.hibernate.service.internal.AbstractServiceRegistryImpl.getService(AbstractServiceRegistryImpl.java:178)
	at org.hibernate.cfg.Configuration.buildTypeRegistrations(Configuration.java:1885)
	at org.hibernate.cfg.Configuration.buildSessionFactory(Configuration.java:1843)
	at org.hibernate.cfg.Configuration.buildSessionFactory(Configuration.java:1928)
	at com.gabyval.core.connections.connectors.ConnectionFactory.configure(ConnectionFactory.java:118)
	at com.gabyval.core.connections.connectors.ConnectionFactory.getConnection(ConnectionFactory.java:71)
	at com.gabyval.core.commons.controllers.PersistenceManager.<init>(PersistenceManager.java:61)
	at com.gabyval.core.commons.controllers.PersistenceManager.getInstance(PersistenceManager.java:71)
	at com.gabyval.core.time.SystemDateController.<init>(SystemDateController.java:63)
	at com.gabyval.core.time.SystemDateController.getInstance(SystemDateController.java:73)
	at com.gabyval.core.scheduler.SchedulerControl.execute(SchedulerControl.java:67)
	at org.quartz.core.JobRunShell.run(JobRunShell.java:202)
	... 1 common frames omitted
[2017-09-27 21:12:52,012] - GB_Scheduler_LOG ERROR [GB_Scheduler_Worker-1] o.quartz.core.JobRunShell [JobRunShell.java:211] Job DEFAULT.ControlSch threw an unhandled Exception: 
org.hibernate.HibernateException: Access to DialectResolutionInfo cannot be null when 'hibernate.dialect' not set
	at org.hibernate.engine.jdbc.dialect.internal.DialectFactoryImpl.determineDialect(DialectFactoryImpl.java:104)
	at org.hibernate.engine.jdbc.dialect.internal.DialectFactoryImpl.buildDialect(DialectFactoryImpl.java:71)
	at org.hibernate.engine.jdbc.internal.JdbcServicesImpl.configure(JdbcServicesImpl.java:209)
	at org.hibernate.boot.registry.internal.StandardServiceRegistryImpl.configureService(StandardServiceRegistryImpl.java:89)
	at org.hibernate.service.internal.AbstractServiceRegistryImpl.initializeService(AbstractServiceRegistryImpl.java:206)
	at org.hibernate.service.internal.AbstractServiceRegistryImpl.getService(AbstractServiceRegistryImpl.java:178)
	at org.hibernate.cfg.Configuration.buildTypeRegistrations(Configuration.java:1885)
	at org.hibernate.cfg.Configuration.buildSessionFactory(Configuration.java:1843)
	at org.hibernate.cfg.Configuration.buildSessionFactory(Configuration.java:1928)
	at com.gabyval.core.connections.connectors.ConnectionFactory.configure(ConnectionFactory.java:118)
	at com.gabyval.core.connections.connectors.ConnectionFactory.getConnection(ConnectionFactory.java:71)
	at com.gabyval.core.commons.controllers.PersistenceManager.<init>(PersistenceManager.java:61)
	at com.gabyval.core.commons.controllers.PersistenceManager.getInstance(PersistenceManager.java:71)
	at com.gabyval.core.time.SystemDateController.<init>(SystemDateController.java:63)
	at com.gabyval.core.time.SystemDateController.getInstance(SystemDateController.java:73)
	at com.gabyval.core.scheduler.SchedulerControl.execute(SchedulerControl.java:67)
	at org.quartz.core.JobRunShell.run(JobRunShell.java:202)
	at org.quartz.simpl.SimpleThreadPool$WorkerThread.run(SimpleThreadPool.java:573)
[2017-09-27 21:12:52,012] - GB_Scheduler_LOG ERROR [GB_Scheduler_Worker-1] o.quartz.core.JobRunShell [JobRunShell.java:211] Job DEFAULT.ControlSch threw an unhandled Exception: 
org.hibernate.HibernateException: Access to DialectResolutionInfo cannot be null when 'hibernate.dialect' not set
	at org.hibernate.engine.jdbc.dialect.internal.DialectFactoryImpl.determineDialect(DialectFactoryImpl.java:104)
	at org.hibernate.engine.jdbc.dialect.internal.DialectFactoryImpl.buildDialect(DialectFactoryImpl.java:71)
	at org.hibernate.engine.jdbc.internal.JdbcServicesImpl.configure(JdbcServicesImpl.java:209)
	at org.hibernate.boot.registry.internal.StandardServiceRegistryImpl.configureService(StandardServiceRegistryImpl.java:89)
	at org.hibernate.service.internal.AbstractServiceRegistryImpl.initializeService(AbstractServiceRegistryImpl.java:206)
	at org.hibernate.service.internal.AbstractServiceRegistryImpl.getService(AbstractServiceRegistryImpl.java:178)
	at org.hibernate.cfg.Configuration.buildTypeRegistrations(Configuration.java:1885)
	at org.hibernate.cfg.Configuration.buildSessionFactory(Configuration.java:1843)
	at org.hibernate.cfg.Configuration.buildSessionFactory(Configuration.java:1928)
	at com.gabyval.core.connections.connectors.ConnectionFactory.configure(ConnectionFactory.java:118)
	at com.gabyval.core.connections.connectors.ConnectionFactory.getConnection(ConnectionFactory.java:71)
	at com.gabyval.core.commons.controllers.PersistenceManager.<init>(PersistenceManager.java:61)
	at com.gabyval.core.commons.controllers.PersistenceManager.getInstance(PersistenceManager.java:71)
	at com.gabyval.core.time.SystemDateController.<init>(SystemDateController.java:63)
	at com.gabyval.core.time.SystemDateController.getInstance(SystemDateController.java:73)
	at com.gabyval.core.scheduler.SchedulerControl.execute(SchedulerControl.java:67)
	at org.quartz.core.JobRunShell.run(JobRunShell.java:202)
	at org.quartz.simpl.SimpleThreadPool$WorkerThread.run(SimpleThreadPool.java:573)
[2017-09-27 21:12:52,012] - GB_Scheduler_LOG ERROR [GB_Scheduler_Worker-1] o.quartz.core.ErrorLogger [QuartzScheduler.java:2425] Job (DEFAULT.ControlSch threw an exception.
org.quartz.SchedulerException: Job threw an unhandled exception.
	at org.quartz.core.JobRunShell.run(JobRunShell.java:213)
	at org.quartz.simpl.SimpleThreadPool$WorkerThread.run(SimpleThreadPool.java:573)
Caused by: org.hibernate.HibernateException: Access to DialectResolutionInfo cannot be null when 'hibernate.dialect' not set
	at org.hibernate.engine.jdbc.dialect.internal.DialectFactoryImpl.determineDialect(DialectFactoryImpl.java:104)
	at org.hibernate.engine.jdbc.dialect.internal.DialectFactoryImpl.buildDialect(DialectFactoryImpl.java:71)
	at org.hibernate.engine.jdbc.internal.JdbcServicesImpl.configure(JdbcServicesImpl.java:209)
	at org.hibernate.boot.registry.internal.StandardServiceRegistryImpl.configureService(StandardServiceRegistryImpl.java:89)
	at org.hibernate.service.internal.AbstractServiceRegistryImpl.initializeService(AbstractServiceRegistryImpl.java:206)
	at org.hibernate.service.internal.AbstractServiceRegistryImpl.getService(AbstractServiceRegistryImpl.java:178)
	at org.hibernate.cfg.Configuration.buildTypeRegistrations(Configuration.java:1885)
	at org.hibernate.cfg.Configuration.buildSessionFactory(Configuration.java:1843)
	at org.hibernate.cfg.Configuration.buildSessionFactory(Configuration.java:1928)
	at com.gabyval.core.connections.connectors.ConnectionFactory.configure(ConnectionFactory.java:118)
	at com.gabyval.core.connections.connectors.ConnectionFactory.getConnection(ConnectionFactory.java:71)
	at com.gabyval.core.commons.controllers.PersistenceManager.<init>(PersistenceManager.java:61)
	at com.gabyval.core.commons.controllers.PersistenceManager.getInstance(PersistenceManager.java:71)
	at com.gabyval.core.time.SystemDateController.<init>(SystemDateController.java:63)
	at com.gabyval.core.time.SystemDateController.getInstance(SystemDateController.java:73)
	at com.gabyval.core.scheduler.SchedulerControl.execute(SchedulerControl.java:67)
	at org.quartz.core.JobRunShell.run(JobRunShell.java:202)
	... 1 common frames omitted
[2017-09-27 21:12:52,012] - GB_Scheduler_LOG ERROR [GB_Scheduler_Worker-1] o.quartz.core.ErrorLogger [QuartzScheduler.java:2425] Job (DEFAULT.ControlSch threw an exception.
org.quartz.SchedulerException: Job threw an unhandled exception.
	at org.quartz.core.JobRunShell.run(JobRunShell.java:213)
	at org.quartz.simpl.SimpleThreadPool$WorkerThread.run(SimpleThreadPool.java:573)
Caused by: org.hibernate.HibernateException: Access to DialectResolutionInfo cannot be null when 'hibernate.dialect' not set
	at org.hibernate.engine.jdbc.dialect.internal.DialectFactoryImpl.determineDialect(DialectFactoryImpl.java:104)
	at org.hibernate.engine.jdbc.dialect.internal.DialectFactoryImpl.buildDialect(DialectFactoryImpl.java:71)
	at org.hibernate.engine.jdbc.internal.JdbcServicesImpl.configure(JdbcServicesImpl.java:209)
	at org.hibernate.boot.registry.internal.StandardServiceRegistryImpl.configureService(StandardServiceRegistryImpl.java:89)
	at org.hibernate.service.internal.AbstractServiceRegistryImpl.initializeService(AbstractServiceRegistryImpl.java:206)
	at org.hibernate.service.internal.AbstractServiceRegistryImpl.getService(AbstractServiceRegistryImpl.java:178)
	at org.hibernate.cfg.Configuration.buildTypeRegistrations(Configuration.java:1885)
	at org.hibernate.cfg.Configuration.buildSessionFactory(Configuration.java:1843)
	at org.hibernate.cfg.Configuration.buildSessionFactory(Configuration.java:1928)
	at com.gabyval.core.connections.connectors.ConnectionFactory.configure(ConnectionFactory.java:118)
	at com.gabyval.core.connections.connectors.ConnectionFactory.getConnection(ConnectionFactory.java:71)
	at com.gabyval.core.commons.controllers.PersistenceManager.<init>(PersistenceManager.java:61)
	at com.gabyval.core.commons.controllers.PersistenceManager.getInstance(PersistenceManager.java:71)
	at com.gabyval.core.time.SystemDateController.<init>(SystemDateController.java:63)
	at com.gabyval.core.time.SystemDateController.getInstance(SystemDateController.java:73)
	at com.gabyval.core.scheduler.SchedulerControl.execute(SchedulerControl.java:67)
	at org.quartz.core.JobRunShell.run(JobRunShell.java:202)
	... 1 common frames omitted
[2017-09-27 21:12:53,005] - GB_Scheduler_LOG ERROR [GB_Scheduler_Worker-1] o.quartz.core.JobRunShell [JobRunShell.java:211] Job DEFAULT.ControlSch threw an unhandled Exception: 
org.hibernate.HibernateException: Access to DialectResolutionInfo cannot be null when 'hibernate.dialect' not set
	at org.hibernate.engine.jdbc.dialect.internal.DialectFactoryImpl.determineDialect(DialectFactoryImpl.java:104)
	at org.hibernate.engine.jdbc.dialect.internal.DialectFactoryImpl.buildDialect(DialectFactoryImpl.java:71)
	at org.hibernate.engine.jdbc.internal.JdbcServicesImpl.configure(JdbcServicesImpl.java:209)
	at org.hibernate.boot.registry.internal.StandardServiceRegistryImpl.configureService(StandardServiceRegistryImpl.java:89)
	at org.hibernate.service.internal.AbstractServiceRegistryImpl.initializeService(AbstractServiceRegistryImpl.java:206)
	at org.hibernate.service.internal.AbstractServiceRegistryImpl.getService(AbstractServiceRegistryImpl.java:178)
	at org.hibernate.cfg.Configuration.buildTypeRegistrations(Configuration.java:1885)
	at org.hibernate.cfg.Configuration.buildSessionFactory(Configuration.java:1843)
	at org.hibernate.cfg.Configuration.buildSessionFactory(Configuration.java:1928)
	at com.gabyval.core.connections.connectors.ConnectionFactory.configure(ConnectionFactory.java:118)
	at com.gabyval.core.connections.connectors.ConnectionFactory.getConnection(ConnectionFactory.java:71)
	at com.gabyval.core.commons.controllers.PersistenceManager.<init>(PersistenceManager.java:61)
	at com.gabyval.core.commons.controllers.PersistenceManager.getInstance(PersistenceManager.java:71)
	at com.gabyval.core.time.SystemDateController.<init>(SystemDateController.java:63)
	at com.gabyval.core.time.SystemDateController.getInstance(SystemDateController.java:73)
	at com.gabyval.core.scheduler.SchedulerControl.execute(SchedulerControl.java:67)
	at org.quartz.core.JobRunShell.run(JobRunShell.java:202)
	at org.quartz.simpl.SimpleThreadPool$WorkerThread.run(SimpleThreadPool.java:573)
[2017-09-27 21:12:53,005] - GB_Scheduler_LOG ERROR [GB_Scheduler_Worker-1] o.quartz.core.JobRunShell [JobRunShell.java:211] Job DEFAULT.ControlSch threw an unhandled Exception: 
org.hibernate.HibernateException: Access to DialectResolutionInfo cannot be null when 'hibernate.dialect' not set
	at org.hibernate.engine.jdbc.dialect.internal.DialectFactoryImpl.determineDialect(DialectFactoryImpl.java:104)
	at org.hibernate.engine.jdbc.dialect.internal.DialectFactoryImpl.buildDialect(DialectFactoryImpl.java:71)
	at org.hibernate.engine.jdbc.internal.JdbcServicesImpl.configure(JdbcServicesImpl.java:209)
	at org.hibernate.boot.registry.internal.StandardServiceRegistryImpl.configureService(StandardServiceRegistryImpl.java:89)
	at org.hibernate.service.internal.AbstractServiceRegistryImpl.initializeService(AbstractServiceRegistryImpl.java:206)
	at org.hibernate.service.internal.AbstractServiceRegistryImpl.getService(AbstractServiceRegistryImpl.java:178)
	at org.hibernate.cfg.Configuration.buildTypeRegistrations(Configuration.java:1885)
	at org.hibernate.cfg.Configuration.buildSessionFactory(Configuration.java:1843)
	at org.hibernate.cfg.Configuration.buildSessionFactory(Configuration.java:1928)
	at com.gabyval.core.connections.connectors.ConnectionFactory.configure(ConnectionFactory.java:118)
	at com.gabyval.core.connections.connectors.ConnectionFactory.getConnection(ConnectionFactory.java:71)
	at com.gabyval.core.commons.controllers.PersistenceManager.<init>(PersistenceManager.java:61)
	at com.gabyval.core.commons.controllers.PersistenceManager.getInstance(PersistenceManager.java:71)
	at com.gabyval.core.time.SystemDateController.<init>(SystemDateController.java:63)
	at com.gabyval.core.time.SystemDateController.getInstance(SystemDateController.java:73)
	at com.gabyval.core.scheduler.SchedulerControl.execute(SchedulerControl.java:67)
	at org.quartz.core.JobRunShell.run(JobRunShell.java:202)
	at org.quartz.simpl.SimpleThreadPool$WorkerThread.run(SimpleThreadPool.java:573)
[2017-09-27 21:12:53,005] - GB_Scheduler_LOG ERROR [GB_Scheduler_Worker-1] o.quartz.core.ErrorLogger [QuartzScheduler.java:2425] Job (DEFAULT.ControlSch threw an exception.
org.quartz.SchedulerException: Job threw an unhandled exception.
	at org.quartz.core.JobRunShell.run(JobRunShell.java:213)
	at org.quartz.simpl.SimpleThreadPool$WorkerThread.run(SimpleThreadPool.java:573)
Caused by: org.hibernate.HibernateException: Access to DialectResolutionInfo cannot be null when 'hibernate.dialect' not set
	at org.hibernate.engine.jdbc.dialect.internal.DialectFactoryImpl.determineDialect(DialectFactoryImpl.java:104)
	at org.hibernate.engine.jdbc.dialect.internal.DialectFactoryImpl.buildDialect(DialectFactoryImpl.java:71)
	at org.hibernate.engine.jdbc.internal.JdbcServicesImpl.configure(JdbcServicesImpl.java:209)
	at org.hibernate.boot.registry.internal.StandardServiceRegistryImpl.configureService(StandardServiceRegistryImpl.java:89)
	at org.hibernate.service.internal.AbstractServiceRegistryImpl.initializeService(AbstractServiceRegistryImpl.java:206)
	at org.hibernate.service.internal.AbstractServiceRegistryImpl.getService(AbstractServiceRegistryImpl.java:178)
	at org.hibernate.cfg.Configuration.buildTypeRegistrations(Configuration.java:1885)
	at org.hibernate.cfg.Configuration.buildSessionFactory(Configuration.java:1843)
	at org.hibernate.cfg.Configuration.buildSessionFactory(Configuration.java:1928)
	at com.gabyval.core.connections.connectors.ConnectionFactory.configure(ConnectionFactory.java:118)
	at com.gabyval.core.connections.connectors.ConnectionFactory.getConnection(ConnectionFactory.java:71)
	at com.gabyval.core.commons.controllers.PersistenceManager.<init>(PersistenceManager.java:61)
	at com.gabyval.core.commons.controllers.PersistenceManager.getInstance(PersistenceManager.java:71)
	at com.gabyval.core.time.SystemDateController.<init>(SystemDateController.java:63)
	at com.gabyval.core.time.SystemDateController.getInstance(SystemDateController.java:73)
	at com.gabyval.core.scheduler.SchedulerControl.execute(SchedulerControl.java:67)
	at org.quartz.core.JobRunShell.run(JobRunShell.java:202)
	... 1 common frames omitted
[2017-09-27 21:12:53,005] - GB_Scheduler_LOG ERROR [GB_Scheduler_Worker-1] o.quartz.core.ErrorLogger [QuartzScheduler.java:2425] Job (DEFAULT.ControlSch threw an exception.
org.quartz.SchedulerException: Job threw an unhandled exception.
	at org.quartz.core.JobRunShell.run(JobRunShell.java:213)
	at org.quartz.simpl.SimpleThreadPool$WorkerThread.run(SimpleThreadPool.java:573)
Caused by: org.hibernate.HibernateException: Access to DialectResolutionInfo cannot be null when 'hibernate.dialect' not set
	at org.hibernate.engine.jdbc.dialect.internal.DialectFactoryImpl.determineDialect(DialectFactoryImpl.java:104)
	at org.hibernate.engine.jdbc.dialect.internal.DialectFactoryImpl.buildDialect(DialectFactoryImpl.java:71)
	at org.hibernate.engine.jdbc.internal.JdbcServicesImpl.configure(JdbcServicesImpl.java:209)
	at org.hibernate.boot.registry.internal.StandardServiceRegistryImpl.configureService(StandardServiceRegistryImpl.java:89)
	at org.hibernate.service.internal.AbstractServiceRegistryImpl.initializeService(AbstractServiceRegistryImpl.java:206)
	at org.hibernate.service.internal.AbstractServiceRegistryImpl.getService(AbstractServiceRegistryImpl.java:178)
	at org.hibernate.cfg.Configuration.buildTypeRegistrations(Configuration.java:1885)
	at org.hibernate.cfg.Configuration.buildSessionFactory(Configuration.java:1843)
	at org.hibernate.cfg.Configuration.buildSessionFactory(Configuration.java:1928)
	at com.gabyval.core.connections.connectors.ConnectionFactory.configure(ConnectionFactory.java:118)
	at com.gabyval.core.connections.connectors.ConnectionFactory.getConnection(ConnectionFactory.java:71)
	at com.gabyval.core.commons.controllers.PersistenceManager.<init>(PersistenceManager.java:61)
	at com.gabyval.core.commons.controllers.PersistenceManager.getInstance(PersistenceManager.java:71)
	at com.gabyval.core.time.SystemDateController.<init>(SystemDateController.java:63)
	at com.gabyval.core.time.SystemDateController.getInstance(SystemDateController.java:73)
	at com.gabyval.core.scheduler.SchedulerControl.execute(SchedulerControl.java:67)
	at org.quartz.core.JobRunShell.run(JobRunShell.java:202)
	... 1 common frames omitted
[2017-09-27 21:12:54,008] - GB_Scheduler_LOG ERROR [GB_Scheduler_Worker-1] o.quartz.core.JobRunShell [JobRunShell.java:211] Job DEFAULT.ControlSch threw an unhandled Exception: 
org.hibernate.HibernateException: Access to DialectResolutionInfo cannot be null when 'hibernate.dialect' not set
	at org.hibernate.engine.jdbc.dialect.internal.DialectFactoryImpl.determineDialect(DialectFactoryImpl.java:104)
	at org.hibernate.engine.jdbc.dialect.internal.DialectFactoryImpl.buildDialect(DialectFactoryImpl.java:71)
	at org.hibernate.engine.jdbc.internal.JdbcServicesImpl.configure(JdbcServicesImpl.java:209)
	at org.hibernate.boot.registry.internal.StandardServiceRegistryImpl.configureService(StandardServiceRegistryImpl.java:89)
	at org.hibernate.service.internal.AbstractServiceRegistryImpl.initializeService(AbstractServiceRegistryImpl.java:206)
	at org.hibernate.service.internal.AbstractServiceRegistryImpl.getService(AbstractServiceRegistryImpl.java:178)
	at org.hibernate.cfg.Configuration.buildTypeRegistrations(Configuration.java:1885)
	at org.hibernate.cfg.Configuration.buildSessionFactory(Configuration.java:1843)
	at org.hibernate.cfg.Configuration.buildSessionFactory(Configuration.java:1928)
	at com.gabyval.core.connections.connectors.ConnectionFactory.configure(ConnectionFactory.java:118)
	at com.gabyval.core.connections.connectors.ConnectionFactory.getConnection(ConnectionFactory.java:71)
	at com.gabyval.core.commons.controllers.PersistenceManager.<init>(PersistenceManager.java:61)
	at com.gabyval.core.commons.controllers.PersistenceManager.getInstance(PersistenceManager.java:71)
	at com.gabyval.core.time.SystemDateController.<init>(SystemDateController.java:63)
	at com.gabyval.core.time.SystemDateController.getInstance(SystemDateController.java:73)
	at com.gabyval.core.scheduler.SchedulerControl.execute(SchedulerControl.java:67)
	at org.quartz.core.JobRunShell.run(JobRunShell.java:202)
	at org.quartz.simpl.SimpleThreadPool$WorkerThread.run(SimpleThreadPool.java:573)
[2017-09-27 21:12:54,008] - GB_Scheduler_LOG ERROR [GB_Scheduler_Worker-1] o.quartz.core.JobRunShell [JobRunShell.java:211] Job DEFAULT.ControlSch threw an unhandled Exception: 
org.hibernate.HibernateException: Access to DialectResolutionInfo cannot be null when 'hibernate.dialect' not set
	at org.hibernate.engine.jdbc.dialect.internal.DialectFactoryImpl.determineDialect(DialectFactoryImpl.java:104)
	at org.hibernate.engine.jdbc.dialect.internal.DialectFactoryImpl.buildDialect(DialectFactoryImpl.java:71)
	at org.hibernate.engine.jdbc.internal.JdbcServicesImpl.configure(JdbcServicesImpl.java:209)
	at org.hibernate.boot.registry.internal.StandardServiceRegistryImpl.configureService(StandardServiceRegistryImpl.java:89)
	at org.hibernate.service.internal.AbstractServiceRegistryImpl.initializeService(AbstractServiceRegistryImpl.java:206)
	at org.hibernate.service.internal.AbstractServiceRegistryImpl.getService(AbstractServiceRegistryImpl.java:178)
	at org.hibernate.cfg.Configuration.buildTypeRegistrations(Configuration.java:1885)
	at org.hibernate.cfg.Configuration.buildSessionFactory(Configuration.java:1843)
	at org.hibernate.cfg.Configuration.buildSessionFactory(Configuration.java:1928)
	at com.gabyval.core.connections.connectors.ConnectionFactory.configure(ConnectionFactory.java:118)
	at com.gabyval.core.connections.connectors.ConnectionFactory.getConnection(ConnectionFactory.java:71)
	at com.gabyval.core.commons.controllers.PersistenceManager.<init>(PersistenceManager.java:61)
	at com.gabyval.core.commons.controllers.PersistenceManager.getInstance(PersistenceManager.java:71)
	at com.gabyval.core.time.SystemDateController.<init>(SystemDateController.java:63)
	at com.gabyval.core.time.SystemDateController.getInstance(SystemDateController.java:73)
	at com.gabyval.core.scheduler.SchedulerControl.execute(SchedulerControl.java:67)
	at org.quartz.core.JobRunShell.run(JobRunShell.java:202)
	at org.quartz.simpl.SimpleThreadPool$WorkerThread.run(SimpleThreadPool.java:573)
[2017-09-27 21:12:54,008] - GB_Scheduler_LOG ERROR [GB_Scheduler_Worker-1] o.quartz.core.ErrorLogger [QuartzScheduler.java:2425] Job (DEFAULT.ControlSch threw an exception.
org.quartz.SchedulerException: Job threw an unhandled exception.
	at org.quartz.core.JobRunShell.run(JobRunShell.java:213)
	at org.quartz.simpl.SimpleThreadPool$WorkerThread.run(SimpleThreadPool.java:573)
Caused by: org.hibernate.HibernateException: Access to DialectResolutionInfo cannot be null when 'hibernate.dialect' not set
	at org.hibernate.engine.jdbc.dialect.internal.DialectFactoryImpl.determineDialect(DialectFactoryImpl.java:104)
	at org.hibernate.engine.jdbc.dialect.internal.DialectFactoryImpl.buildDialect(DialectFactoryImpl.java:71)
	at org.hibernate.engine.jdbc.internal.JdbcServicesImpl.configure(JdbcServicesImpl.java:209)
	at org.hibernate.boot.registry.internal.StandardServiceRegistryImpl.configureService(StandardServiceRegistryImpl.java:89)
	at org.hibernate.service.internal.AbstractServiceRegistryImpl.initializeService(AbstractServiceRegistryImpl.java:206)
	at org.hibernate.service.internal.AbstractServiceRegistryImpl.getService(AbstractServiceRegistryImpl.java:178)
	at org.hibernate.cfg.Configuration.buildTypeRegistrations(Configuration.java:1885)
	at org.hibernate.cfg.Configuration.buildSessionFactory(Configuration.java:1843)
	at org.hibernate.cfg.Configuration.buildSessionFactory(Configuration.java:1928)
	at com.gabyval.core.connections.connectors.ConnectionFactory.configure(ConnectionFactory.java:118)
	at com.gabyval.core.connections.connectors.ConnectionFactory.getConnection(ConnectionFactory.java:71)
	at com.gabyval.core.commons.controllers.PersistenceManager.<init>(PersistenceManager.java:61)
	at com.gabyval.core.commons.controllers.PersistenceManager.getInstance(PersistenceManager.java:71)
	at com.gabyval.core.time.SystemDateController.<init>(SystemDateController.java:63)
	at com.gabyval.core.time.SystemDateController.getInstance(SystemDateController.java:73)
	at com.gabyval.core.scheduler.SchedulerControl.execute(SchedulerControl.java:67)
	at org.quartz.core.JobRunShell.run(JobRunShell.java:202)
	... 1 common frames omitted
[2017-09-27 21:12:54,008] - GB_Scheduler_LOG ERROR [GB_Scheduler_Worker-1] o.quartz.core.ErrorLogger [QuartzScheduler.java:2425] Job (DEFAULT.ControlSch threw an exception.
org.quartz.SchedulerException: Job threw an unhandled exception.
	at org.quartz.core.JobRunShell.run(JobRunShell.java:213)
	at org.quartz.simpl.SimpleThreadPool$WorkerThread.run(SimpleThreadPool.java:573)
Caused by: org.hibernate.HibernateException: Access to DialectResolutionInfo cannot be null when 'hibernate.dialect' not set
	at org.hibernate.engine.jdbc.dialect.internal.DialectFactoryImpl.determineDialect(DialectFactoryImpl.java:104)
	at org.hibernate.engine.jdbc.dialect.internal.DialectFactoryImpl.buildDialect(DialectFactoryImpl.java:71)
	at org.hibernate.engine.jdbc.internal.JdbcServicesImpl.configure(JdbcServicesImpl.java:209)
	at org.hibernate.boot.registry.internal.StandardServiceRegistryImpl.configureService(StandardServiceRegistryImpl.java:89)
	at org.hibernate.service.internal.AbstractServiceRegistryImpl.initializeService(AbstractServiceRegistryImpl.java:206)
	at org.hibernate.service.internal.AbstractServiceRegistryImpl.getService(AbstractServiceRegistryImpl.java:178)
	at org.hibernate.cfg.Configuration.buildTypeRegistrations(Configuration.java:1885)
	at org.hibernate.cfg.Configuration.buildSessionFactory(Configuration.java:1843)
	at org.hibernate.cfg.Configuration.buildSessionFactory(Configuration.java:1928)
	at com.gabyval.core.connections.connectors.ConnectionFactory.configure(ConnectionFactory.java:118)
	at com.gabyval.core.connections.connectors.ConnectionFactory.getConnection(ConnectionFactory.java:71)
	at com.gabyval.core.commons.controllers.PersistenceManager.<init>(PersistenceManager.java:61)
	at com.gabyval.core.commons.controllers.PersistenceManager.getInstance(PersistenceManager.java:71)
	at com.gabyval.core.time.SystemDateController.<init>(SystemDateController.java:63)
	at com.gabyval.core.time.SystemDateController.getInstance(SystemDateController.java:73)
	at com.gabyval.core.scheduler.SchedulerControl.execute(SchedulerControl.java:67)
	at org.quartz.core.JobRunShell.run(JobRunShell.java:202)
	... 1 common frames omitted
